#
# There is insufficient memory for the Java Runtime Environment to continue.
# Native memory allocation (mmap) failed to map 23068672 bytes for G1 virtual space
# Possible reasons:
#   The system is out of physical RAM or swap space
#   The process is running with CompressedOops enabled, and the Java Heap may be blocking the growth of the native heap
# Possible solutions:
#   Reduce memory load on the system
#   Increase physical memory or swap space
#   Check if swap backing store is full
#   Decrease Java heap size (-Xmx/-Xms)
#   Decrease number of Java threads
#   Decrease Java thread stack sizes (-Xss)
#   Set larger code cache with -XX:ReservedCodeCacheSize=
#   JVM is running with Unscaled Compressed Oops mode in which the Java heap is
#     placed in the first 4GB address space. The Java Heap base address is the
#     maximum limit for the native heap growth. Please use -XX:HeapBaseMinAddress
#     to set the Java Heap base and to place the Java Heap above 4GB virtual address.
# This output file may be truncated or incomplete.
#
#  Out of Memory Error (os_windows.cpp:3548), pid=125828, tid=101560
#
# JRE version: Java(TM) SE Runtime Environment (17.0.10+11) (build 17.0.10+11-LTS-240)
# Java VM: Java HotSpot(TM) 64-Bit Server VM (17.0.10+11-LTS-240, mixed mode, sharing, tiered, compressed oops, compressed class ptrs, g1 gc, windows-amd64)
# No core dump will be written. Minidumps are not enabled by default on client versions of Windows
#

---------------  S U M M A R Y ------------

Command Line: --add-opens=java.base/java.lang=ALL-UNNAMED --add-opens=java.base/java.lang.invoke=ALL-UNNAMED --add-opens=java.base/java.util=ALL-UNNAMED --add-opens=java.prefs/java.util.prefs=ALL-UNNAMED --add-exports=jdk.compiler/com.sun.tools.javac.api=ALL-UNNAMED --add-exports=jdk.compiler/com.sun.tools.javac.util=ALL-UNNAMED --add-opens=java.base/java.util=ALL-UNNAMED --add-opens=java.prefs/java.util.prefs=ALL-UNNAMED --add-opens=java.base/java.nio.charset=ALL-UNNAMED --add-opens=java.base/java.net=ALL-UNNAMED --add-opens=java.base/java.util.concurrent.atomic=ALL-UNNAMED --add-opens=java.xml/javax.xml.namespace=ALL-UNNAMED -Xmx2048m -Dfile.encoding=UTF-8 -Duser.country=US -Duser.language=en -Duser.variant -javaagent:C:\Users\okele\.gradle\wrapper\dists\gradle-8.13-bin\5xuhj0ry160q40clulazy9h7d\gradle-8.13\lib\agents\gradle-instrumentation-agent-8.13.jar org.gradle.launcher.daemon.bootstrap.GradleDaemon 8.13

Host: 12th Gen Intel(R) Core(TM) i5-1240P, 16 cores, 15G,  Windows 11 , 64 bit Build 26100 (10.0.26100.7019)
Time: Fri Dec 26 06:20:48 2025 W. Central Africa Standard Time elapsed time: 9.018737 seconds (0d 0h 0m 9s)

---------------  T H R E A D  ---------------

Current thread (0x000001cb5843c190):  VMThread "VM Thread" [stack: 0x00000055a2900000,0x00000055a2a00000] [id=101560]

Stack: [0x00000055a2900000,0x00000055a2a00000]
Native frames: (J=compiled Java code, j=interpreted, Vv=VM code, C=native code)
V  [jvm.dll+0x677a5a]
V  [jvm.dll+0x7d8b2d]
V  [jvm.dll+0x7da48e]
V  [jvm.dll+0x7daaf3]
V  [jvm.dll+0x2455ff]
V  [jvm.dll+0x6749b9]
V  [jvm.dll+0x669382]
V  [jvm.dll+0x302e96]
V  [jvm.dll+0x30a416]
V  [jvm.dll+0x359cbe]
V  [jvm.dll+0x359eef]
V  [jvm.dll+0x2d9e88]
V  [jvm.dll+0x2d8295]
V  [jvm.dll+0x2d789c]
V  [jvm.dll+0x31b18b]
V  [jvm.dll+0x7df30b]
V  [jvm.dll+0x7e0044]
V  [jvm.dll+0x7e055d]
V  [jvm.dll+0x7e0934]
V  [jvm.dll+0x7e0a00]
V  [jvm.dll+0x78888a]
V  [jvm.dll+0x676935]
C  [ucrtbase.dll+0x37b0]
C  [KERNEL32.DLL+0x2e8d7]
C  [ntdll.dll+0x8c53c]

VM_Operation (0x00000055a34fe090): G1CollectForAllocation, mode: safepoint, requested by thread 0x000001cb58567030


---------------  P R O C E S S  ---------------

Threads class SMR info:
_java_thread_list=0x000001cba0ed0590, length=40, elements={
0x000001cb39726da0, 0x000001cb5843d8c0, 0x000001cb5843e090, 0x000001cb58491be0,
0x000001cb584951d0, 0x000001cb584957a0, 0x000001cb58499d80, 0x000001cb5849c690,
0x000001cb584a0d60, 0x000001cb584a1370, 0x000001cb58553a60, 0x000001cb58567030,
0x000001cb5863b800, 0x000001cb5871fc20, 0x000001cb9ec84630, 0x000001cb9fd8c650,
0x000001cb9f8a9780, 0x000001cb9fc93090, 0x000001cba023d9b0, 0x000001cb9eb6bbb0,
0x000001cb9e4f88e0, 0x000001cb9e4fa230, 0x000001cb9e4f8df0, 0x000001cb9e4f9810,
0x000001cb9e4f9d20, 0x000001cb9e4f74a0, 0x000001cb9e4fa740, 0x000001cb9e4f9300,
0x000001cb9e4f79b0, 0x000001cb9e4f7ec0, 0x000001cb9e4f83d0, 0x000001cba08d4300,
0x000001cba08d33d0, 0x000001cba08d4d20, 0x000001cba08d24a0, 0x000001cba08d29b0,
0x000001cba207cc60, 0x000001cba207c710, 0x000001cba207e6f0, 0x000001cba207f190
}

Java Threads: ( => current thread )
  0x000001cb39726da0 JavaThread "main" [_thread_blocked, id=126380, stack(0x00000055a2300000,0x00000055a2400000)]
  0x000001cb5843d8c0 JavaThread "Reference Handler" daemon [_thread_blocked, id=126060, stack(0x00000055a2a00000,0x00000055a2b00000)]
  0x000001cb5843e090 JavaThread "Finalizer" daemon [_thread_blocked, id=105324, stack(0x00000055a2b00000,0x00000055a2c00000)]
  0x000001cb58491be0 JavaThread "Signal Dispatcher" daemon [_thread_blocked, id=20276, stack(0x00000055a2c00000,0x00000055a2d00000)]
  0x000001cb584951d0 JavaThread "Attach Listener" daemon [_thread_blocked, id=13732, stack(0x00000055a2d00000,0x00000055a2e00000)]
  0x000001cb584957a0 JavaThread "Service Thread" daemon [_thread_blocked, id=122356, stack(0x00000055a2e00000,0x00000055a2f00000)]
  0x000001cb58499d80 JavaThread "Monitor Deflation Thread" daemon [_thread_blocked, id=125108, stack(0x00000055a2f00000,0x00000055a3000000)]
  0x000001cb5849c690 JavaThread "C2 CompilerThread0" daemon [_thread_blocked, id=126636, stack(0x00000055a3000000,0x00000055a3100000)]
  0x000001cb584a0d60 JavaThread "C1 CompilerThread0" daemon [_thread_blocked, id=126200, stack(0x00000055a3100000,0x00000055a3200000)]
  0x000001cb584a1370 JavaThread "Sweeper thread" daemon [_thread_blocked, id=126176, stack(0x00000055a3200000,0x00000055a3300000)]
  0x000001cb58553a60 JavaThread "C1 CompilerThread1" daemon [_thread_blocked, id=126164, stack(0x00000055a3300000,0x00000055a3400000)]
  0x000001cb58567030 JavaThread "C1 CompilerThread2" daemon [_thread_blocked, id=120412, stack(0x00000055a3400000,0x00000055a3500000)]
  0x000001cb5863b800 JavaThread "Common-Cleaner" daemon [_thread_blocked, id=45760, stack(0x00000055a3500000,0x00000055a3600000)]
  0x000001cb5871fc20 JavaThread "Notification Thread" daemon [_thread_blocked, id=123196, stack(0x00000055a3800000,0x00000055a3900000)]
  0x000001cb9ec84630 JavaThread "C1 CompilerThread3" daemon [_thread_blocked, id=20272, stack(0x00000055a4200000,0x00000055a4300000)]
  0x000001cb9fd8c650 JavaThread "Daemon health stats" [_thread_blocked, id=125392, stack(0x00000055a3b00000,0x00000055a3c00000)]
  0x000001cb9f8a9780 JavaThread "Incoming local TCP Connector on port 49961" [_thread_in_native, id=119384, stack(0x00000055a3c00000,0x00000055a3d00000)]
  0x000001cb9fc93090 JavaThread "Daemon periodic checks" [_thread_blocked, id=121712, stack(0x00000055a4300000,0x00000055a4400000)]
  0x000001cba023d9b0 JavaThread "Daemon" [_thread_blocked, id=14992, stack(0x00000055a4400000,0x00000055a4500000)]
  0x000001cb9eb6bbb0 JavaThread "Handler for socket connection from /127.0.0.1:49961 to /127.0.0.1:49962" [_thread_in_native, id=124516, stack(0x00000055a4500000,0x00000055a4600000)]
  0x000001cb9e4f88e0 JavaThread "Cancel handler" [_thread_blocked, id=119008, stack(0x00000055a4600000,0x00000055a4700000)]
  0x000001cb9e4fa230 JavaThread "Daemon worker" [_thread_blocked, id=120840, stack(0x00000055a4700000,0x00000055a4800000)]
  0x000001cb9e4f8df0 JavaThread "Asynchronous log dispatcher for DefaultDaemonConnection: socket connection from /127.0.0.1:49961 to /127.0.0.1:49962" [_thread_blocked, id=125236, stack(0x00000055a4800000,0x00000055a4900000)]
  0x000001cb9e4f9810 JavaThread "Stdin handler" [_thread_blocked, id=116808, stack(0x00000055a4900000,0x00000055a4a00000)]
  0x000001cb9e4f9d20 JavaThread "Daemon client event forwarder" [_thread_blocked, id=119496, stack(0x00000055a4a00000,0x00000055a4b00000)]
  0x000001cb9e4f74a0 JavaThread "Cache worker for journal cache (C:\Users\okele\.gradle\caches\journal-1)" [_thread_blocked, id=120432, stack(0x00000055a4b00000,0x00000055a4c00000)]
  0x000001cb9e4fa740 JavaThread "File lock request listener" [_thread_in_native, id=122740, stack(0x00000055a4c00000,0x00000055a4d00000)]
  0x000001cb9e4f9300 JavaThread "Cache worker for file hash cache (C:\Users\okele\.gradle\caches\8.13\fileHashes)" [_thread_blocked, id=124668, stack(0x00000055a4d00000,0x00000055a4e00000)]
  0x000001cb9e4f79b0 JavaThread "Cache worker for file hash cache (C:\Users\okele\Desktop\JetpackComposeNavigation3Test\.gradle\8.13\fileHashes)" [_thread_blocked, id=126072, stack(0x00000055a3700000,0x00000055a3800000)]
  0x000001cb9e4f7ec0 JavaThread "Cache worker for Build Output Cleanup Cache (C:\Users\okele\Desktop\JetpackComposeNavigation3Test\.gradle\buildOutputCleanup)" [_thread_blocked, id=114964, stack(0x00000055a3a00000,0x00000055a3b00000)]
  0x000001cb9e4f83d0 JavaThread "File watcher server" daemon [_thread_in_native, id=25872, stack(0x00000055a5800000,0x00000055a5900000)]
  0x000001cba08d4300 JavaThread "File watcher consumer" daemon [_thread_blocked, id=123564, stack(0x00000055a5900000,0x00000055a5a00000)]
  0x000001cba08d33d0 JavaThread "jar transforms" [_thread_blocked, id=22196, stack(0x00000055a5c00000,0x00000055a5d00000)]
  0x000001cba08d4d20 JavaThread "jar transforms Thread 2" [_thread_blocked, id=117996, stack(0x00000055a5d00000,0x00000055a5e00000)]
  0x000001cba08d24a0 JavaThread "Cache worker for checksums cache (C:\Users\okele\Desktop\JetpackComposeNavigation3Test\.gradle\8.13\checksums)" [_thread_blocked, id=123552, stack(0x00000055a5e00000,0x00000055a5f00000)]
  0x000001cba08d29b0 JavaThread "Cache worker for file content cache (C:\Users\okele\.gradle\caches\8.13\fileContent)" [_thread_blocked, id=122924, stack(0x00000055a5f00000,0x00000055a6000000)]
  0x000001cba207cc60 JavaThread "C2 CompilerThread1" daemon [_thread_blocked, id=121088, stack(0x00000055a3600000,0x00000055a3700000)]
  0x000001cba207c710 JavaThread "C2 CompilerThread2" daemon [_thread_blocked, id=123636, stack(0x00000055a5700000,0x00000055a5800000)]
  0x000001cba207e6f0 JavaThread "C2 CompilerThread3" daemon [_thread_blocked, id=125140, stack(0x00000055a5a00000,0x00000055a5b00000)]
  0x000001cba207f190 JavaThread "C2 CompilerThread4" daemon [_thread_blocked, id=124076, stack(0x00000055a5b00000,0x00000055a5c00000)]

Other Threads:
=>0x000001cb5843c190 VMThread "VM Thread" [stack: 0x00000055a2900000,0x00000055a2a00000] [id=101560]
  0x000001cb58720100 WatcherThread [stack: 0x00000055a3900000,0x00000055a3a00000] [id=124484]
  0x000001cb39786450 GCTaskThread "GC Thread#0" [stack: 0x00000055a2400000,0x00000055a2500000] [id=125472]
  0x000001cb9e009430 GCTaskThread "GC Thread#1" [stack: 0x00000055a3d00000,0x00000055a3e00000] [id=26972]
  0x000001cb9e5d6f60 GCTaskThread "GC Thread#2" [stack: 0x00000055a3e00000,0x00000055a3f00000] [id=126476]
  0x000001cb9e5d7220 GCTaskThread "GC Thread#3" [stack: 0x00000055a3f00000,0x00000055a4000000] [id=125276]
  0x000001cb9ea22e40 GCTaskThread "GC Thread#4" [stack: 0x00000055a4000000,0x00000055a4100000] [id=125084]
  0x000001cb9e187e10 GCTaskThread "GC Thread#5" [stack: 0x00000055a4100000,0x00000055a4200000] [id=116028]
  0x000001cba1a20680 GCTaskThread "GC Thread#6" [stack: 0x00000055a4e00000,0x00000055a4f00000] [id=122736]
  0x000001cba184b990 GCTaskThread "GC Thread#7" [stack: 0x00000055a4f00000,0x00000055a5000000] [id=126740]
  0x000001cba17188d0 GCTaskThread "GC Thread#8" [stack: 0x00000055a5000000,0x00000055a5100000] [id=124200]
  0x000001cba06dd5c0 GCTaskThread "GC Thread#9" [stack: 0x00000055a5100000,0x00000055a5200000] [id=2704]
  0x000001cba0c90b70 GCTaskThread "GC Thread#10" [stack: 0x00000055a5200000,0x00000055a5300000] [id=125492]
  0x000001cba0c908b0 GCTaskThread "GC Thread#11" [stack: 0x00000055a5300000,0x00000055a5400000] [id=28808]
  0x000001cba0c905f0 GCTaskThread "GC Thread#12" [stack: 0x00000055a5400000,0x00000055a5500000] [id=126260]
  0x000001cb39797240 ConcurrentGCThread "G1 Main Marker" [stack: 0x00000055a2500000,0x00000055a2600000] [id=121176]
  0x000001cb39799670 ConcurrentGCThread "G1 Conc#0" [stack: 0x00000055a2600000,0x00000055a2700000] [id=125964]
  0x000001cba0c90070 ConcurrentGCThread "G1 Conc#1" [stack: 0x00000055a5500000,0x00000055a5600000] [id=126192]
  0x000001cba0c90e30 ConcurrentGCThread "G1 Conc#2" [stack: 0x00000055a5600000,0x00000055a5700000] [id=122600]
  0x000001cb397ed810 ConcurrentGCThread "G1 Refine#0" [stack: 0x00000055a2700000,0x00000055a2800000] [id=122240]
  0x000001cb586cbfe0 ConcurrentGCThread "G1 Refine#1" [stack: 0x00000055a6000000,0x00000055a6100000] [id=124716]
  0x000001cb586cbcf0 ConcurrentGCThread "G1 Refine#2" [stack: 0x00000055a6100000,0x00000055a6200000] [id=125312]
  0x000001cb586c9ca0 ConcurrentGCThread "G1 Refine#3" [stack: 0x00000055a6200000,0x00000055a6300000] [id=123208]
  0x000001cb586c9f90 ConcurrentGCThread "G1 Refine#4" [stack: 0x00000055a6300000,0x00000055a6400000] [id=118060]
  0x000001cb586c93d0 ConcurrentGCThread "G1 Refine#5" [stack: 0x00000055a6400000,0x00000055a6500000] [id=125824]
  0x000001cb586cc2d0 ConcurrentGCThread "G1 Refine#6" [stack: 0x00000055a6500000,0x00000055a6600000] [id=125836]
  0x000001cb397edcf0 ConcurrentGCThread "G1 Service" [stack: 0x00000055a2800000,0x00000055a2900000] [id=123516]

Threads with active compile tasks:
C1 CompilerThread1     9042 6434       3       org.jetbrains.kotlin.protobuf.CodedInputStream::tryRefillBuffer (295 bytes)
C1 CompilerThread2     9042 6443       3       org.jetbrains.kotlin.protobuf.ByteString$Output::<init> (42 bytes)
C2 CompilerThread1     9042 6430       4       java.util.jar.JarFile::getEntry (35 bytes)

VM state: at safepoint (normal execution)

VM Mutex/Monitor currently owned by a thread:  ([mutex/lock_event])
[0x000001cb39720f60] Threads_lock - owner thread: 0x000001cb5843c190
[0x000001cb39721ce0] Heap_lock - owner thread: 0x000001cb58567030

Heap address: 0x0000000080000000, size: 2048 MB, Compressed Oops mode: 32-bit

CDS archive(s) mapped at: [0x000001cb59000000-0x000001cb59bd0000-0x000001cb59bd0000), size 12386304, SharedBaseAddress: 0x000001cb59000000, ArchiveRelocationMode: 1.
Compressed class space mapped at: 0x000001cb5a000000-0x000001cb9a000000, reserved size: 1073741824
Narrow klass base: 0x000001cb59000000, Narrow klass shift: 0, Narrow klass range: 0x100000000

GC Precious Log:
 CPUs: 16 total, 16 available
 Memory: 16088M
 Large Page Support: Disabled
 NUMA Support: Disabled
 Compressed Oops: Enabled (32-bit)
 Heap Region Size: 1M
 Heap Min Capacity: 8M
 Heap Initial Capacity: 252M
 Heap Max Capacity: 2G
 Pre-touch: Disabled
 Parallel Workers: 13
 Concurrent Workers: 3
 Concurrent Refinement Workers: 13
 Periodic GC: Disabled

Heap:
 garbage-first heap   total 111616K, used 58012K [0x0000000080000000, 0x0000000100000000)
  region size 1024K, 1 young (1024K), 1 survivors (1024K)
 Metaspace       used 65398K, committed 65984K, reserved 1114112K
  class space    used 9071K, committed 9344K, reserved 1048576K

Heap Regions: E=young(eden), S=young(survivor), O=old, HS=humongous(starts), HC=humongous(continues), CS=collection set, F=free, OA=open archive, CA=closed archive, TAMS=top-at-mark-start (previous, next)
|   0|0x0000000080000000, 0x0000000080100000, 0x0000000080100000|100%|HS|  |TAMS 0x0000000080100000, 0x0000000080100000| Complete 
|   1|0x0000000080100000, 0x0000000080200000, 0x0000000080200000|100%|HC|  |TAMS 0x0000000080200000, 0x0000000080200000| Complete 
|   2|0x0000000080200000, 0x0000000080300000, 0x0000000080300000|100%|HC|  |TAMS 0x0000000080300000, 0x0000000080300000| Complete 
|   3|0x0000000080300000, 0x0000000080400000, 0x0000000080400000|100%| O|  |TAMS 0x0000000080400000, 0x0000000080400000| Untracked 
|   4|0x0000000080400000, 0x0000000080500000, 0x0000000080500000|100%| O|  |TAMS 0x0000000080500000, 0x0000000080500000| Untracked 
|   5|0x0000000080500000, 0x0000000080600000, 0x0000000080600000|100%| O|  |TAMS 0x0000000080600000, 0x0000000080600000| Untracked 
|   6|0x0000000080600000, 0x0000000080700000, 0x0000000080700000|100%|HS|  |TAMS 0x0000000080700000, 0x0000000080700000| Complete 
|   7|0x0000000080700000, 0x0000000080800000, 0x0000000080800000|100%| O|  |TAMS 0x0000000080800000, 0x0000000080800000| Untracked 
|   8|0x0000000080800000, 0x0000000080900000, 0x0000000080900000|100%| O|  |TAMS 0x0000000080900000, 0x0000000080900000| Untracked 
|   9|0x0000000080900000, 0x0000000080a00000, 0x0000000080a00000|100%| O|  |TAMS 0x0000000080a00000, 0x0000000080a00000| Untracked 
|  10|0x0000000080a00000, 0x0000000080a17e00, 0x0000000080b00000|  9%| O|  |TAMS 0x0000000080a17e00, 0x0000000080a17e00| Untracked 
|  11|0x0000000080b00000, 0x0000000080c00000, 0x0000000080c00000|100%| O|  |TAMS 0x0000000080c00000, 0x0000000080c00000| Untracked 
|  12|0x0000000080c00000, 0x0000000080d00000, 0x0000000080d00000|100%| O|  |TAMS 0x0000000080d00000, 0x0000000080d00000| Untracked 
|  13|0x0000000080d00000, 0x0000000080e00000, 0x0000000080e00000|100%| O|  |TAMS 0x0000000080e00000, 0x0000000080e00000| Untracked 
|  14|0x0000000080e00000, 0x0000000080f00000, 0x0000000080f00000|100%| O|  |TAMS 0x0000000080f00000, 0x0000000080f00000| Untracked 
|  15|0x0000000080f00000, 0x0000000081000000, 0x0000000081000000|100%| O|  |TAMS 0x0000000081000000, 0x0000000081000000| Untracked 
|  16|0x0000000081000000, 0x0000000081100000, 0x0000000081100000|100%| O|  |TAMS 0x0000000081100000, 0x0000000081100000| Untracked 
|  17|0x0000000081100000, 0x0000000081200000, 0x0000000081200000|100%| O|  |TAMS 0x0000000081200000, 0x0000000081200000| Untracked 
|  18|0x0000000081200000, 0x0000000081300000, 0x0000000081300000|100%| O|  |TAMS 0x0000000081300000, 0x0000000081300000| Untracked 
|  19|0x0000000081300000, 0x0000000081400000, 0x0000000081400000|100%| O|  |TAMS 0x0000000081400000, 0x0000000081400000| Untracked 
|  20|0x0000000081400000, 0x0000000081500000, 0x0000000081500000|100%| O|  |TAMS 0x0000000081500000, 0x0000000081500000| Untracked 
|  21|0x0000000081500000, 0x0000000081600000, 0x0000000081600000|100%| O|  |TAMS 0x0000000081600000, 0x0000000081600000| Untracked 
|  22|0x0000000081600000, 0x0000000081700000, 0x0000000081700000|100%| O|  |TAMS 0x0000000081700000, 0x0000000081700000| Untracked 
|  23|0x0000000081700000, 0x0000000081800000, 0x0000000081800000|100%| O|  |TAMS 0x0000000081800000, 0x0000000081800000| Untracked 
|  24|0x0000000081800000, 0x0000000081900000, 0x0000000081900000|100%| O|  |TAMS 0x0000000081900000, 0x0000000081900000| Untracked 
|  25|0x0000000081900000, 0x0000000081a00000, 0x0000000081a00000|100%| O|  |TAMS 0x0000000081a00000, 0x0000000081a00000| Untracked 
|  26|0x0000000081a00000, 0x0000000081b00000, 0x0000000081b00000|100%| O|  |TAMS 0x0000000081b00000, 0x0000000081b00000| Untracked 
|  27|0x0000000081b00000, 0x0000000081c00000, 0x0000000081c00000|100%| O|  |TAMS 0x0000000081c00000, 0x0000000081c00000| Untracked 
|  28|0x0000000081c00000, 0x0000000081d00000, 0x0000000081d00000|100%| O|  |TAMS 0x0000000081d00000, 0x0000000081d00000| Untracked 
|  29|0x0000000081d00000, 0x0000000081e00000, 0x0000000081e00000|100%| O|  |TAMS 0x0000000081e00000, 0x0000000081e00000| Untracked 
|  30|0x0000000081e00000, 0x0000000081f00000, 0x0000000081f00000|100%| O|  |TAMS 0x0000000081f00000, 0x0000000081f00000| Untracked 
|  31|0x0000000081f00000, 0x0000000082000000, 0x0000000082000000|100%| O|  |TAMS 0x0000000082000000, 0x0000000082000000| Untracked 
|  32|0x0000000082000000, 0x0000000082100000, 0x0000000082100000|100%| O|  |TAMS 0x0000000082100000, 0x0000000082100000| Untracked 
|  33|0x0000000082100000, 0x0000000082200000, 0x0000000082200000|100%| O|  |TAMS 0x0000000082200000, 0x0000000082200000| Untracked 
|  34|0x0000000082200000, 0x0000000082300000, 0x0000000082300000|100%| O|  |TAMS 0x0000000082300000, 0x0000000082300000| Untracked 
|  35|0x0000000082300000, 0x0000000082400000, 0x0000000082400000|100%| O|  |TAMS 0x0000000082400000, 0x0000000082400000| Untracked 
|  36|0x0000000082400000, 0x0000000082500000, 0x0000000082500000|100%| O|  |TAMS 0x0000000082500000, 0x0000000082500000| Untracked 
|  37|0x0000000082500000, 0x0000000082600000, 0x0000000082600000|100%| O|  |TAMS 0x0000000082600000, 0x0000000082600000| Untracked 
|  38|0x0000000082600000, 0x0000000082700000, 0x0000000082700000|100%| O|  |TAMS 0x0000000082700000, 0x0000000082700000| Untracked 
|  39|0x0000000082700000, 0x0000000082800000, 0x0000000082800000|100%| O|  |TAMS 0x0000000082700000, 0x0000000082700000| Untracked 
|  40|0x0000000082800000, 0x0000000082900000, 0x0000000082900000|100%| O|  |TAMS 0x0000000082800000, 0x0000000082800000| Untracked 
|  41|0x0000000082900000, 0x00000000829b9a00, 0x0000000082a00000| 72%| O|  |TAMS 0x0000000082900000, 0x0000000082900000| Untracked 
|  42|0x0000000082a00000, 0x0000000082a00000, 0x0000000082b00000|  0%| F|  |TAMS 0x0000000082a00000, 0x0000000082a00000| Untracked 
|  43|0x0000000082b00000, 0x0000000082b00000, 0x0000000082c00000|  0%| F|  |TAMS 0x0000000082b00000, 0x0000000082b00000| Untracked 
|  44|0x0000000082c00000, 0x0000000082c00000, 0x0000000082d00000|  0%| F|  |TAMS 0x0000000082c00000, 0x0000000082c00000| Untracked 
|  45|0x0000000082d00000, 0x0000000082d00000, 0x0000000082e00000|  0%| F|  |TAMS 0x0000000082d00000, 0x0000000082d00000| Untracked 
|  46|0x0000000082e00000, 0x0000000082f00000, 0x0000000082f00000|100%| O|  |TAMS 0x0000000082f00000, 0x0000000082f00000| Untracked 
|  47|0x0000000082f00000, 0x0000000083000000, 0x0000000083000000|100%| O|  |TAMS 0x0000000083000000, 0x0000000083000000| Untracked 
|  48|0x0000000083000000, 0x0000000083100000, 0x0000000083100000|100%| O|  |TAMS 0x0000000083100000, 0x0000000083100000| Untracked 
|  49|0x0000000083100000, 0x0000000083200000, 0x0000000083200000|100%|HS|  |TAMS 0x0000000083100000, 0x0000000083200000| Complete 
|  50|0x0000000083200000, 0x0000000083300000, 0x0000000083300000|100%| O|  |TAMS 0x0000000083200000, 0x0000000083300000| Untracked 
|  51|0x0000000083300000, 0x0000000083400000, 0x0000000083400000|100%| O|  |TAMS 0x0000000083300000, 0x00000000833fde00| Untracked 
|  52|0x0000000083400000, 0x0000000083400000, 0x0000000083500000|  0%| F|  |TAMS 0x0000000083400000, 0x0000000083400000| Untracked 
|  53|0x0000000083500000, 0x0000000083500000, 0x0000000083600000|  0%| F|  |TAMS 0x0000000083500000, 0x0000000083500000| Untracked 
|  54|0x0000000083600000, 0x0000000083600000, 0x0000000083700000|  0%| F|  |TAMS 0x0000000083600000, 0x0000000083600000| Untracked 
|  55|0x0000000083700000, 0x0000000083700000, 0x0000000083800000|  0%| F|  |TAMS 0x0000000083700000, 0x0000000083700000| Untracked 
|  56|0x0000000083800000, 0x0000000083900000, 0x0000000083900000|100%| O|  |TAMS 0x0000000083800000, 0x0000000083900000| Untracked 
|  57|0x0000000083900000, 0x0000000083a00000, 0x0000000083a00000|100%| O|  |TAMS 0x0000000083900000, 0x0000000083a00000| Untracked 
|  58|0x0000000083a00000, 0x0000000083b00000, 0x0000000083b00000|100%| O|  |TAMS 0x0000000083a00000, 0x0000000083b00000| Untracked 
|  59|0x0000000083b00000, 0x0000000083c00000, 0x0000000083c00000|100%| O|  |TAMS 0x0000000083b00000, 0x0000000083c00000| Untracked 
|  60|0x0000000083c00000, 0x0000000083d00000, 0x0000000083d00000|100%| O|  |TAMS 0x0000000083c00000, 0x0000000083d00000| Untracked 
|  61|0x0000000083d00000, 0x0000000083e00000, 0x0000000083e00000|100%| O|  |TAMS 0x0000000083d00000, 0x0000000083e00000| Untracked 
|  62|0x0000000083e00000, 0x0000000083f00000, 0x0000000083f00000|100%| O|  |TAMS 0x0000000083e00000, 0x0000000083f00000| Untracked 
|  63|0x0000000083f00000, 0x0000000083f00000, 0x0000000084000000|  0%| F|  |TAMS 0x0000000083f00000, 0x0000000083f00000| Untracked 
|  64|0x0000000084000000, 0x0000000084000000, 0x0000000084100000|  0%| F|  |TAMS 0x0000000084000000, 0x0000000084000000| Untracked 
|  65|0x0000000084100000, 0x0000000084100000, 0x0000000084200000|  0%| F|  |TAMS 0x0000000084100000, 0x0000000084100000| Untracked 
|  66|0x0000000084200000, 0x0000000084200000, 0x0000000084300000|  0%| F|  |TAMS 0x0000000084200000, 0x0000000084200000| Untracked 
|  67|0x0000000084300000, 0x0000000084300000, 0x0000000084400000|  0%| F|  |TAMS 0x0000000084300000, 0x0000000084300000| Untracked 
|  68|0x0000000084400000, 0x0000000084400000, 0x0000000084500000|  0%| F|  |TAMS 0x0000000084400000, 0x0000000084400000| Untracked 
|  69|0x0000000084500000, 0x0000000084500000, 0x0000000084600000|  0%| F|  |TAMS 0x0000000084500000, 0x0000000084500000| Untracked 
|  70|0x0000000084600000, 0x0000000084600000, 0x0000000084700000|  0%| F|  |TAMS 0x0000000084600000, 0x0000000084600000| Untracked 
|  71|0x0000000084700000, 0x0000000084700000, 0x0000000084800000|  0%| F|  |TAMS 0x0000000084700000, 0x0000000084700000| Untracked 
|  72|0x0000000084800000, 0x0000000084800000, 0x0000000084900000|  0%| F|  |TAMS 0x0000000084800000, 0x0000000084800000| Untracked 
|  73|0x0000000084900000, 0x0000000084900000, 0x0000000084a00000|  0%| F|  |TAMS 0x0000000084900000, 0x0000000084900000| Untracked 
|  74|0x0000000084a00000, 0x0000000084a00000, 0x0000000084b00000|  0%| F|  |TAMS 0x0000000084a00000, 0x0000000084a00000| Untracked 
|  75|0x0000000084b00000, 0x0000000084b00000, 0x0000000084c00000|  0%| F|  |TAMS 0x0000000084b00000, 0x0000000084b00000| Untracked 
|  76|0x0000000084c00000, 0x0000000084c00000, 0x0000000084d00000|  0%| F|  |TAMS 0x0000000084c00000, 0x0000000084c00000| Untracked 
|  77|0x0000000084d00000, 0x0000000084d00000, 0x0000000084e00000|  0%| F|  |TAMS 0x0000000084d00000, 0x0000000084d00000| Untracked 
|  78|0x0000000084e00000, 0x0000000084e00000, 0x0000000084f00000|  0%| F|  |TAMS 0x0000000084e00000, 0x0000000084e00000| Untracked 
|  79|0x0000000084f00000, 0x0000000084f00000, 0x0000000085000000|  0%| F|  |TAMS 0x0000000084f00000, 0x0000000084f00000| Untracked 
|  80|0x0000000085000000, 0x0000000085000000, 0x0000000085100000|  0%| F|  |TAMS 0x0000000085000000, 0x0000000085000000| Untracked 
|  81|0x0000000085100000, 0x0000000085100000, 0x0000000085200000|  0%| F|  |TAMS 0x0000000085100000, 0x0000000085100000| Untracked 
|  82|0x0000000085200000, 0x0000000085200000, 0x0000000085300000|  0%| F|  |TAMS 0x0000000085200000, 0x0000000085200000| Untracked 
|  83|0x0000000085300000, 0x0000000085300000, 0x0000000085400000|  0%| F|  |TAMS 0x0000000085300000, 0x0000000085300000| Untracked 
|  84|0x0000000085400000, 0x0000000085400000, 0x0000000085500000|  0%| F|  |TAMS 0x0000000085400000, 0x0000000085400000| Untracked 
|  85|0x0000000085500000, 0x00000000855d5b88, 0x0000000085600000| 83%| S|CS|TAMS 0x0000000085500000, 0x0000000085500000| Complete 
|  86|0x0000000085600000, 0x0000000085600000, 0x0000000085700000|  0%| F|  |TAMS 0x0000000085600000, 0x0000000085600000| Untracked 
|  87|0x0000000085700000, 0x0000000085700000, 0x0000000085800000|  0%| F|  |TAMS 0x0000000085700000, 0x0000000085700000| Untracked 
|  88|0x0000000085800000, 0x0000000085800000, 0x0000000085900000|  0%| F|  |TAMS 0x0000000085800000, 0x0000000085800000| Untracked 
|  89|0x0000000085900000, 0x0000000085900000, 0x0000000085a00000|  0%| F|  |TAMS 0x0000000085900000, 0x0000000085900000| Untracked 
|  90|0x0000000085a00000, 0x0000000085a00000, 0x0000000085b00000|  0%| F|  |TAMS 0x0000000085a00000, 0x0000000085a00000| Untracked 
| 127|0x0000000087f00000, 0x0000000087f00000, 0x0000000088000000|  0%| F|  |TAMS 0x0000000087f00000, 0x0000000087f00000| Untracked 
| 128|0x0000000088000000, 0x0000000088000000, 0x0000000088100000|  0%| F|  |TAMS 0x0000000088000000, 0x0000000088000000| Untracked 
| 129|0x0000000088100000, 0x0000000088100000, 0x0000000088200000|  0%| F|  |TAMS 0x0000000088100000, 0x0000000088100000| Untracked 
| 130|0x0000000088200000, 0x0000000088200000, 0x0000000088300000|  0%| F|  |TAMS 0x0000000088200000, 0x0000000088200000| Untracked 
| 131|0x0000000088300000, 0x0000000088300000, 0x0000000088400000|  0%| F|  |TAMS 0x0000000088300000, 0x0000000088300000| Untracked 
| 132|0x0000000088400000, 0x0000000088400000, 0x0000000088500000|  0%| F|  |TAMS 0x0000000088400000, 0x0000000088400000| Untracked 
| 133|0x0000000088500000, 0x0000000088500000, 0x0000000088600000|  0%| F|  |TAMS 0x0000000088500000, 0x0000000088500000| Untracked 
| 134|0x0000000088600000, 0x0000000088600000, 0x0000000088700000|  0%| F|  |TAMS 0x0000000088600000, 0x0000000088600000| Untracked 
| 135|0x0000000088700000, 0x0000000088700000, 0x0000000088800000|  0%| F|  |TAMS 0x0000000088700000, 0x0000000088700000| Untracked 
| 136|0x0000000088800000, 0x0000000088800000, 0x0000000088900000|  0%| F|  |TAMS 0x0000000088800000, 0x0000000088800000| Untracked 
| 137|0x0000000088900000, 0x0000000088900000, 0x0000000088a00000|  0%| F|  |TAMS 0x0000000088900000, 0x0000000088900000| Untracked 
| 138|0x0000000088a00000, 0x0000000088a00000, 0x0000000088b00000|  0%| F|  |TAMS 0x0000000088a00000, 0x0000000088a00000| Untracked 
| 139|0x0000000088b00000, 0x0000000088b00000, 0x0000000088c00000|  0%| F|  |TAMS 0x0000000088b00000, 0x0000000088b00000| Untracked 
| 140|0x0000000088c00000, 0x0000000088c00000, 0x0000000088d00000|  0%| F|  |TAMS 0x0000000088c00000, 0x0000000088c00000| Untracked 
| 141|0x0000000088d00000, 0x0000000088d00000, 0x0000000088e00000|  0%| F|  |TAMS 0x0000000088d00000, 0x0000000088d00000| Untracked 
| 251|0x000000008fb00000, 0x000000008fb00000, 0x000000008fc00000|  0%| F|  |TAMS 0x000000008fb00000, 0x000000008fb00000| Untracked 
|2046|0x00000000ffe00000, 0x00000000fff00000, 0x00000000fff00000|100%| O|  |TAMS 0x00000000ffe7a800, 0x00000000fff00000| Untracked 
|2047|0x00000000fff00000, 0x0000000100000000, 0x0000000100000000|100%| O|  |TAMS 0x0000000100000000, 0x0000000100000000| Untracked 

Card table byte_map: [0x000001cb50c60000,0x000001cb51060000] _byte_map_base: 0x000001cb50860000

Marking Bits (Prev, Next): (CMBitMap*) 0x000001cb39786910, (CMBitMap*) 0x000001cb39786950
 Prev Bits: [0x000001cb51460000, 0x000001cb53460000)
 Next Bits: [0x000001cb53460000, 0x000001cb55460000)

Polling page: 0x000001cb37860000

Metaspace:

Usage:
  Non-class:     55.01 MB used.
      Class:      8.86 MB used.
       Both:     63.87 MB used.

Virtual space:
  Non-class space:       64.00 MB reserved,      55.31 MB ( 86%) committed,  1 nodes.
      Class space:        1.00 GB reserved,       9.12 MB ( <1%) committed,  1 nodes.
             Both:        1.06 GB reserved,      64.44 MB (  6%) committed. 

Chunk freelists:
   Non-Class:  8.22 MB
       Class:  6.89 MB
        Both:  15.11 MB

MaxMetaspaceSize: unlimited
CompressedClassSpaceSize: 1.00 GB
Initial GC threshold: 21.00 MB
Current GC threshold: 102.31 MB
CDS: on
MetaspaceReclaimPolicy: balanced
 - commit_granule_bytes: 65536.
 - commit_granule_words: 8192.
 - virtual_space_node_default_size: 8388608.
 - enlarge_chunks_in_place: 1.
 - new_chunks_are_fully_committed: 0.
 - uncommit_free_chunks: 1.
 - use_allocation_guard: 0.
 - handle_deallocations: 1.


Internal statistics:

num_allocs_failed_limit: 9.
num_arena_births: 666.
num_arena_deaths: 2.
num_vsnodes_births: 2.
num_vsnodes_deaths: 0.
num_space_committed: 1029.
num_space_uncommitted: 0.
num_chunks_returned_to_freelist: 15.
num_chunks_taken_from_freelist: 3046.
num_chunk_merges: 9.
num_chunk_splits: 2225.
num_chunks_enlarged: 1763.
num_inconsistent_stats: 0.

CodeHeap 'non-profiled nmethods': size=119168Kb used=3545Kb max_used=3545Kb free=115622Kb
 bounds [0x000001cb48b70000, 0x000001cb48ef0000, 0x000001cb4ffd0000]
CodeHeap 'profiled nmethods': size=119104Kb used=11097Kb max_used=11097Kb free=108006Kb
 bounds [0x000001cb40fd0000, 0x000001cb41ab0000, 0x000001cb48420000]
CodeHeap 'non-nmethods': size=7488Kb used=4068Kb max_used=4139Kb free=3419Kb
 bounds [0x000001cb48420000, 0x000001cb48830000, 0x000001cb48b70000]
 total_blobs=6532 nmethods=5625 adapters=816
 compilation: enabled
              stopped_count=0, restarted_count=0
 full_count=0

Compilation events (20 events):
Event: 9.007 Thread 0x000001cb58553a60 nmethod 6433 0x000001cb41aa2e90 code [0x000001cb41aa3020, 0x000001cb41aa3168]
Event: 9.010 Thread 0x000001cb58553a60 6434       3       org.jetbrains.kotlin.protobuf.CodedInputStream::tryRefillBuffer (295 bytes)
Event: 9.010 Thread 0x000001cb58567030 6435       3       org.jetbrains.kotlin.protobuf.AbstractMessageLite::<init> (10 bytes)
Event: 9.010 Thread 0x000001cb9ec84630 6436       3       org.jetbrains.kotlin.metadata.ProtoBuf$Type::getDefaultInstance (4 bytes)
Event: 9.010 Thread 0x000001cb584a0d60 6437       3       org.jetbrains.kotlin.protobuf.GeneratedMessageLite::<init> (5 bytes)
Event: 9.010 Thread 0x000001cb9ec84630 nmethod 6436 0x000001cb41aa3210 code [0x000001cb41aa33a0, 0x000001cb41aa3498]
Event: 9.010 Thread 0x000001cb9ec84630 6438       3       org.jetbrains.kotlin.protobuf.CodedInputStream::pushLimit (45 bytes)
Event: 9.010 Thread 0x000001cb584a0d60 nmethod 6437 0x000001cb41aa3510 code [0x000001cb41aa36c0, 0x000001cb41aa3898]
Event: 9.010 Thread 0x000001cb584a0d60 6439       3       org.jetbrains.kotlin.protobuf.CodedInputStream::popLimit (10 bytes)
Event: 9.010 Thread 0x000001cb58567030 nmethod 6435 0x000001cb41aa3990 code [0x000001cb41aa3b20, 0x000001cb41aa3c98]
Event: 9.010 Thread 0x000001cb584a0d60 nmethod 6439 0x000001cb41aa3d90 code [0x000001cb41aa3f20, 0x000001cb41aa4068]
Event: 9.010 Thread 0x000001cb58567030 6440       1       org.jetbrains.kotlin.protobuf.SmallSortedMap::isImmutable (5 bytes)
Event: 9.011 Thread 0x000001cb9ec84630 nmethod 6438 0x000001cb41aa4110 code [0x000001cb41aa42c0, 0x000001cb41aa44c8]
Event: 9.011 Thread 0x000001cb584a0d60 6441       1       org.jetbrains.kotlin.protobuf.SmallSortedMap$EmptySet$1::hasNext (2 bytes)
Event: 9.011 Thread 0x000001cb9ec84630 6442       3       org.jetbrains.kotlin.protobuf.ByteString::newOutput (11 bytes)
Event: 9.011 Thread 0x000001cb58567030 nmethod 6440 0x000001cb48ee6190 code [0x000001cb48ee6320, 0x000001cb48ee63f8]
Event: 9.012 Thread 0x000001cb584a0d60 nmethod 6441 0x000001cb48ee6490 code [0x000001cb48ee6620, 0x000001cb48ee66f8]
Event: 9.012 Thread 0x000001cb58567030 6443       3       org.jetbrains.kotlin.protobuf.ByteString$Output::<init> (42 bytes)
Event: 9.012 Thread 0x000001cb9ec84630 nmethod 6442 0x000001cb41aa4610 code [0x000001cb41aa47c0, 0x000001cb41aa4948]
Event: 9.012 Thread 0x000001cb58553a60 nmethod 6434 0x000001cb41aa4a10 code [0x000001cb41aa4d80, 0x000001cb41aa6098]

GC Heap History (20 events):
Event: 6.495 GC heap after
{Heap after GC invocations=10 (full 0):
 garbage-first heap   total 89088K, used 33154K [0x0000000080000000, 0x0000000100000000)
  region size 1024K, 4 young (4096K), 4 survivors (4096K)
 Metaspace       used 35552K, committed 35968K, reserved 1114112K
  class space    used 5031K, committed 5248K, reserved 1048576K
}
Event: 7.044 GC heap before
{Heap before GC invocations=11 (full 0):
 garbage-first heap   total 89088K, used 74114K [0x0000000080000000, 0x0000000100000000)
  region size 1024K, 39 young (39936K), 4 survivors (4096K)
 Metaspace       used 41118K, committed 41536K, reserved 1114112K
  class space    used 5650K, committed 5824K, reserved 1048576K
}
Event: 7.048 GC heap after
{Heap after GC invocations=12 (full 0):
 garbage-first heap   total 89088K, used 37040K [0x0000000080000000, 0x0000000100000000)
  region size 1024K, 5 young (5120K), 5 survivors (5120K)
 Metaspace       used 41118K, committed 41536K, reserved 1114112K
  class space    used 5650K, committed 5824K, reserved 1048576K
}
Event: 7.212 GC heap before
{Heap before GC invocations=12 (full 0):
 garbage-first heap   total 89088K, used 69808K [0x0000000080000000, 0x0000000100000000)
  region size 1024K, 36 young (36864K), 5 survivors (5120K)
 Metaspace       used 43142K, committed 43648K, reserved 1114112K
  class space    used 5850K, committed 6080K, reserved 1048576K
}
Event: 7.215 GC heap after
{Heap after GC invocations=13 (full 0):
 garbage-first heap   total 89088K, used 37919K [0x0000000080000000, 0x0000000100000000)
  region size 1024K, 1 young (1024K), 1 survivors (1024K)
 Metaspace       used 43142K, committed 43648K, reserved 1114112K
  class space    used 5850K, committed 6080K, reserved 1048576K
}
Event: 7.527 GC heap before
{Heap before GC invocations=13 (full 0):
 garbage-first heap   total 89088K, used 70687K [0x0000000080000000, 0x0000000100000000)
  region size 1024K, 33 young (33792K), 1 survivors (1024K)
 Metaspace       used 47727K, committed 48256K, reserved 1114112K
  class space    used 6863K, committed 7104K, reserved 1048576K
}
Event: 7.528 GC heap after
{Heap after GC invocations=14 (full 0):
 garbage-first heap   total 107520K, used 39052K [0x0000000080000000, 0x0000000100000000)
  region size 1024K, 3 young (3072K), 3 survivors (3072K)
 Metaspace       used 47727K, committed 48256K, reserved 1114112K
  class space    used 6863K, committed 7104K, reserved 1048576K
}
Event: 7.854 GC heap before
{Heap before GC invocations=14 (full 0):
 garbage-first heap   total 107520K, used 84108K [0x0000000080000000, 0x0000000100000000)
  region size 1024K, 47 young (48128K), 3 survivors (3072K)
 Metaspace       used 53193K, committed 53696K, reserved 1114112K
  class space    used 7586K, committed 7808K, reserved 1048576K
}
Event: 7.856 GC heap after
{Heap after GC invocations=15 (full 0):
 garbage-first heap   total 107520K, used 40070K [0x0000000080000000, 0x0000000100000000)
  region size 1024K, 4 young (4096K), 4 survivors (4096K)
 Metaspace       used 53193K, committed 53696K, reserved 1114112K
  class space    used 7586K, committed 7808K, reserved 1048576K
}
Event: 8.257 GC heap before
{Heap before GC invocations=15 (full 0):
 garbage-first heap   total 107520K, used 86150K [0x0000000080000000, 0x0000000100000000)
  region size 1024K, 49 young (50176K), 4 survivors (4096K)
 Metaspace       used 59461K, committed 60032K, reserved 1114112K
  class space    used 8356K, committed 8640K, reserved 1048576K
}
Event: 8.260 GC heap after
{Heap after GC invocations=16 (full 0):
 garbage-first heap   total 107520K, used 41364K [0x0000000080000000, 0x0000000100000000)
  region size 1024K, 5 young (5120K), 5 survivors (5120K)
 Metaspace       used 59461K, committed 60032K, reserved 1114112K
  class space    used 8356K, committed 8640K, reserved 1048576K
}
Event: 8.274 GC heap before
{Heap before GC invocations=16 (full 0):
 garbage-first heap   total 107520K, used 42388K [0x0000000080000000, 0x0000000100000000)
  region size 1024K, 7 young (7168K), 5 survivors (5120K)
 Metaspace       used 59577K, committed 60096K, reserved 1114112K
  class space    used 8375K, committed 8640K, reserved 1048576K
}
Event: 8.276 GC heap after
{Heap after GC invocations=17 (full 0):
 garbage-first heap   total 107520K, used 41375K [0x0000000080000000, 0x0000000100000000)
  region size 1024K, 3 young (3072K), 3 survivors (3072K)
 Metaspace       used 59577K, committed 60096K, reserved 1114112K
  class space    used 8375K, committed 8640K, reserved 1048576K
}
Event: 8.623 GC heap before
{Heap before GC invocations=18 (full 0):
 garbage-first heap   total 107520K, used 94623K [0x0000000080000000, 0x0000000100000000)
  region size 1024K, 49 young (50176K), 3 survivors (3072K)
 Metaspace       used 62228K, committed 62848K, reserved 1114112K
  class space    used 8686K, committed 8960K, reserved 1048576K
}
Event: 8.629 GC heap after
{Heap after GC invocations=19 (full 0):
 garbage-first heap   total 109568K, used 57929K [0x0000000080000000, 0x0000000100000000)
  region size 1024K, 7 young (7168K), 7 survivors (7168K)
 Metaspace       used 62228K, committed 62848K, reserved 1114112K
  class space    used 8686K, committed 8960K, reserved 1048576K
}
Event: 8.638 GC heap before
{Heap before GC invocations=19 (full 0):
 garbage-first heap   total 109568K, used 58953K [0x0000000080000000, 0x0000000100000000)
  region size 1024K, 9 young (9216K), 7 survivors (7168K)
 Metaspace       used 62228K, committed 62848K, reserved 1114112K
  class space    used 8686K, committed 8960K, reserved 1048576K
}
Event: 8.642 GC heap after
{Heap after GC invocations=20 (full 0):
 garbage-first heap   total 109568K, used 60499K [0x0000000080000000, 0x0000000100000000)
  region size 1024K, 3 young (3072K), 3 survivors (3072K)
 Metaspace       used 62228K, committed 62848K, reserved 1114112K
  class space    used 8686K, committed 8960K, reserved 1048576K
}
Event: 8.822 GC heap before
{Heap before GC invocations=21 (full 0):
 garbage-first heap   total 111616K, used 74835K [0x0000000080000000, 0x0000000100000000)
  region size 1024K, 17 young (17408K), 3 survivors (3072K)
 Metaspace       used 62794K, committed 63360K, reserved 1114112K
  class space    used 8771K, committed 9024K, reserved 1048576K
}
Event: 8.825 GC heap after
{Heap after GC invocations=22 (full 0):
 garbage-first heap   total 111616K, used 57212K [0x0000000080000000, 0x0000000100000000)
  region size 1024K, 3 young (3072K), 3 survivors (3072K)
 Metaspace       used 62794K, committed 63360K, reserved 1114112K
  class space    used 8771K, committed 9024K, reserved 1048576K
}
Event: 9.013 GC heap before
{Heap before GC invocations=22 (full 0):
 garbage-first heap   total 111616K, used 75644K [0x0000000080000000, 0x0000000100000000)
  region size 1024K, 21 young (21504K), 3 survivors (3072K)
 Metaspace       used 65398K, committed 65984K, reserved 1114112K
  class space    used 9071K, committed 9344K, reserved 1048576K
}

Deoptimization events (20 events):
Event: 8.987 Thread 0x000001cb9e4fa230 Uncommon trap: trap_request=0xffffffc6 fr.pc=0x000001cb48bd211c relative=0x0000000000000bfc
Event: 8.987 Thread 0x000001cb9e4fa230 Uncommon trap: reason=bimorphic_or_optimized_type_check action=maybe_recompile pc=0x000001cb48bd211c method=java.io.DataInputStream.readInt()I @ 4 c2
Event: 8.987 Thread 0x000001cb9e4fa230 DEOPT PACKING pc=0x000001cb48bd211c sp=0x00000055a47f5390
Event: 8.987 Thread 0x000001cb9e4fa230 DEOPT UNPACKING pc=0x000001cb484723a3 sp=0x00000055a47f5350 mode 2
Event: 8.987 Thread 0x000001cb9e4fa230 Uncommon trap: trap_request=0xffffff45 fr.pc=0x000001cb48df6f9c relative=0x000000000000137c
Event: 8.987 Thread 0x000001cb9e4fa230 Uncommon trap: reason=unstable_if action=reinterpret pc=0x000001cb48df6f9c method=java.util.concurrent.ConcurrentHashMap.putVal(Ljava/lang/Object;Ljava/lang/Object;Z)Ljava/lang/Object; @ 245 c2
Event: 8.987 Thread 0x000001cb9e4fa230 DEOPT PACKING pc=0x000001cb48df6f9c sp=0x00000055a47f49d0
Event: 8.987 Thread 0x000001cb9e4fa230 DEOPT UNPACKING pc=0x000001cb484723a3 sp=0x00000055a47f4948 mode 2
Event: 8.987 Thread 0x000001cb9e4fa230 Uncommon trap: trap_request=0xffffffc6 fr.pc=0x000001cb48bd211c relative=0x0000000000000bfc
Event: 8.987 Thread 0x000001cb9e4fa230 Uncommon trap: reason=bimorphic_or_optimized_type_check action=maybe_recompile pc=0x000001cb48bd211c method=java.io.DataInputStream.readInt()I @ 4 c2
Event: 8.987 Thread 0x000001cb9e4fa230 DEOPT PACKING pc=0x000001cb48bd211c sp=0x00000055a47f53a0
Event: 8.987 Thread 0x000001cb9e4fa230 DEOPT UNPACKING pc=0x000001cb484723a3 sp=0x00000055a47f5360 mode 2
Event: 8.987 Thread 0x000001cb9e4fa230 Uncommon trap: trap_request=0xffffffc6 fr.pc=0x000001cb48bd211c relative=0x0000000000000bfc
Event: 8.987 Thread 0x000001cb9e4fa230 Uncommon trap: reason=bimorphic_or_optimized_type_check action=maybe_recompile pc=0x000001cb48bd211c method=java.io.DataInputStream.readInt()I @ 4 c2
Event: 8.987 Thread 0x000001cb9e4fa230 DEOPT PACKING pc=0x000001cb48bd211c sp=0x00000055a47f53a0
Event: 8.987 Thread 0x000001cb9e4fa230 DEOPT UNPACKING pc=0x000001cb484723a3 sp=0x00000055a47f5360 mode 2
Event: 8.987 Thread 0x000001cb9e4fa230 Uncommon trap: trap_request=0xffffffc6 fr.pc=0x000001cb48bd211c relative=0x0000000000000bfc
Event: 8.987 Thread 0x000001cb9e4fa230 Uncommon trap: reason=bimorphic_or_optimized_type_check action=maybe_recompile pc=0x000001cb48bd211c method=java.io.DataInputStream.readInt()I @ 4 c2
Event: 8.987 Thread 0x000001cb9e4fa230 DEOPT PACKING pc=0x000001cb48bd211c sp=0x00000055a47f53a0
Event: 8.987 Thread 0x000001cb9e4fa230 DEOPT UNPACKING pc=0x000001cb484723a3 sp=0x00000055a47f5360 mode 2

Classes unloaded (5 events):
Event: 8.290 Thread 0x000001cb5843c190 Unloading class 0x000001cb5a544000 '_BuildScript_$_run_closure1$_closure2'
Event: 8.290 Thread 0x000001cb5843c190 Unloading class 0x000001cb5a53ca98 '_BuildScript_$_run_closure1'
Event: 8.290 Thread 0x000001cb5843c190 Unloading class 0x000001cb5a53c568 '_BuildScript_'
Event: 8.290 Thread 0x000001cb5843c190 Unloading class 0x000001cb5a53c2b0 'GradleAnnotationProcessorPatchPlugin$AnnotationProcessorModelBuilder'
Event: 8.290 Thread 0x000001cb5843c190 Unloading class 0x000001cb5a53c000 'GradleAnnotationProcessorPatchPlugin'

Classes redefined (0 events):
No events

Internal exceptions (20 events):
Event: 7.127 Thread 0x000001cb9e4fa230 Exception <a 'java/lang/NoSuchMethodError'{0x000000008899a318}: 'java.lang.Object java.lang.invoke.DirectMethodHandle$Holder.invokeStatic(java.lang.Object, java.lang.Object, java.lang.Object, java.lang.Object, java.lang.Object, java.lang.Object, java.lang.Object, java.lang.Object, java.lang.Object, java.lang.Object, java.lang.Object, java.lang.Object, java.lang.Object, java.lang.Object, java.lang.Object, java.lang.Object, java.lang.Object, java.lang.Object, java.lang.Object, java.lang.Object, java.lang.Obj
Event: 7.295 Thread 0x000001cb9e4fa230 Exception <a 'java/lang/NoSuchMethodError'{0x000000008854ca30}: 'java.lang.Object java.lang.invoke.DirectMethodHandle$Holder.invokeStaticInit(java.lang.Object, int)'> (0x000000008854ca30) 
thrown [s\open\src\hotspot\share\interpreter\linkResolver.cpp, line 759]
Event: 7.755 Thread 0x000001cb9e4fa230 Exception <a 'sun/nio/fs/WindowsException'{0x00000000849aef10}> (0x00000000849aef10) 
thrown [s\open\src\hotspot\share\prims\jni.cpp, line 516]
Event: 7.756 Thread 0x000001cb9e4fa230 Exception <a 'sun/nio/fs/WindowsException'{0x00000000849b09c8}> (0x00000000849b09c8) 
thrown [s\open\src\hotspot\share\prims\jni.cpp, line 516]
Event: 7.809 Thread 0x000001cb9e4fa230 Exception <a 'sun/nio/fs/WindowsException'{0x0000000084296bb8}> (0x0000000084296bb8) 
thrown [s\open\src\hotspot\share\prims\jni.cpp, line 516]
Event: 7.842 Thread 0x000001cb9e4fa230 Exception <a 'java/lang/NoSuchMethodError'{0x0000000083eb4228}: 'long java.lang.invoke.DirectMethodHandle$Holder.invokeStatic(java.lang.Object)'> (0x0000000083eb4228) 
thrown [s\open\src\hotspot\share\interpreter\linkResolver.cpp, line 759]
Event: 7.842 Thread 0x000001cb9e4fa230 Exception <a 'java/lang/NoSuchMethodError'{0x0000000083eb8dc8}: 'long java.lang.invoke.DirectMethodHandle$Holder.invokeStaticInit(java.lang.Object)'> (0x0000000083eb8dc8) 
thrown [s\open\src\hotspot\share\interpreter\linkResolver.cpp, line 759]
Event: 7.878 Thread 0x000001cb9e4fa230 Exception <a 'java/lang/NoSuchMethodError'{0x0000000088b08980}: 'void java.lang.invoke.DirectMethodHandle$Holder.invokeStaticInit(java.lang.Object)'> (0x0000000088b08980) 
thrown [s\open\src\hotspot\share\interpreter\linkResolver.cpp, line 759]
Event: 7.882 Thread 0x000001cb9e4fa230 Exception <a 'java/lang/NoSuchMethodError'{0x0000000088b981c0}: 'void java.lang.invoke.DelegatingMethodHandle$Holder.reinvoke_L(java.lang.Object, java.lang.Object, java.lang.Object, long, java.lang.Object)'> (0x0000000088b981c0) 
thrown [s\open\src\hotspot\share\interpreter\linkResolver.cpp, line 759]
Event: 7.882 Thread 0x000001cb9e4fa230 Exception <a 'java/lang/NoSuchMethodError'{0x0000000088ba0ad8}: 'java.lang.Object java.lang.invoke.DirectMethodHandle$Holder.invokeSpecial(java.lang.Object, java.lang.Object, java.lang.Object, java.lang.Object, long)'> (0x0000000088ba0ad8) 
thrown [s\open\src\hotspot\share\interpreter\linkResolver.cpp, line 759]
Event: 7.883 Thread 0x000001cb9e4fa230 Exception <a 'java/lang/NoSuchMethodError'{0x0000000088bb11f8}: 'int java.lang.invoke.DelegatingMethodHandle$Holder.reinvoke_L(java.lang.Object, java.lang.Object, java.lang.Object, long, java.lang.Object, java.lang.Object)'> (0x0000000088bb11f8) 
thrown [s\open\src\hotspot\share\interpreter\linkResolver.cpp, line 759]
Event: 7.883 Thread 0x000001cb9e4fa230 Exception <a 'java/lang/NoSuchMethodError'{0x0000000088bc1260}: 'int java.lang.invoke.DelegatingMethodHandle$Holder.reinvoke_L(java.lang.Object, java.lang.Object, java.lang.Object, long, int, int)'> (0x0000000088bc1260) 
thrown [s\open\src\hotspot\share\interpreter\linkResolver.cpp, line 759]
Event: 7.884 Thread 0x000001cb9e4fa230 Exception <a 'java/lang/NoSuchMethodError'{0x0000000088bd1070}: 'int java.lang.invoke.DelegatingMethodHandle$Holder.reinvoke_L(java.lang.Object, java.lang.Object, java.lang.Object, long, long, long)'> (0x0000000088bd1070) 
thrown [s\open\src\hotspot\share\interpreter\linkResolver.cpp, line 759]
Event: 7.884 Thread 0x000001cb9e4fa230 Exception <a 'java/lang/NoSuchMethodError'{0x0000000088be0b68}: 'int java.lang.invoke.DelegatingMethodHandle$Holder.reinvoke_L(java.lang.Object, java.lang.Object, java.lang.Object, long, int)'> (0x0000000088be0b68) 
thrown [s\open\src\hotspot\share\interpreter\linkResolver.cpp, line 759]
Event: 7.886 Thread 0x000001cb9e4fa230 Exception <a 'java/lang/NoSuchMethodError'{0x0000000088bfc088}: 'void java.lang.invoke.DelegatingMethodHandle$Holder.reinvoke_L(java.lang.Object, java.lang.Object, java.lang.Object, long, java.lang.Object, long, long)'> (0x0000000088bfc088) 
thrown [s\open\src\hotspot\share\interpreter\linkResolver.cpp, line 759]
Event: 7.886 Thread 0x000001cb9e4fa230 Exception <a 'java/lang/NoSuchMethodError'{0x0000000088a04a10}: 'long java.lang.invoke.Invokers$Holder.invokeExact_MT(java.lang.Object, java.lang.Object, java.lang.Object)'> (0x0000000088a04a10) 
thrown [s\open\src\hotspot\share\interpreter\linkResolver.cpp, line 759]
Event: 7.887 Thread 0x000001cb9e4fa230 Exception <a 'java/lang/NoSuchMethodError'{0x0000000088a09bb8}: 'int java.lang.invoke.Invokers$Holder.invokeExact_MT(java.lang.Object, java.lang.Object, java.lang.Object)'> (0x0000000088a09bb8) 
thrown [s\open\src\hotspot\share\interpreter\linkResolver.cpp, line 759]
Event: 8.212 Thread 0x000001cb9e4fa230 Exception <a 'java/lang/NoSuchMethodError'{0x00000000840a2d28}: 'java.lang.Object java.lang.invoke.Invokers$Holder.invoke_MT(java.lang.Object, java.lang.Object, java.lang.Object)'> (0x00000000840a2d28) 
thrown [s\open\src\hotspot\share\interpreter\linkResolver.cpp, line 759]
Event: 8.217 Thread 0x000001cb9e4fa230 Exception <a 'sun/nio/fs/WindowsException'{0x0000000083f02d88}> (0x0000000083f02d88) 
thrown [s\open\src\hotspot\share\prims\jni.cpp, line 516]
Event: 8.404 Thread 0x000001cb9e4fa230 Exception <a 'java/lang/NoSuchMethodError'{0x00000000880e14c0}: 'java.lang.Object java.lang.invoke.Invokers$Holder.invokeExact_MT(java.lang.Object, java.lang.Object, long, java.lang.Object)'> (0x00000000880e14c0) 
thrown [s\open\src\hotspot\share\interpreter\linkResolver.cpp, line 759]

VM Operations (20 events):
Event: 8.299 Executing VM operation: G1Concurrent done
Event: 8.307 Executing VM operation: G1Concurrent
Event: 8.308 Executing VM operation: G1Concurrent done
Event: 8.368 Executing VM operation: HandshakeAllThreads
Event: 8.368 Executing VM operation: HandshakeAllThreads done
Event: 8.447 Executing VM operation: HandshakeAllThreads
Event: 8.447 Executing VM operation: HandshakeAllThreads done
Event: 8.607 Executing VM operation: HandshakeAllThreads
Event: 8.607 Executing VM operation: HandshakeAllThreads done
Event: 8.623 Executing VM operation: G1CollectForAllocation
Event: 8.629 Executing VM operation: G1CollectForAllocation done
Event: 8.638 Executing VM operation: G1TryInitiateConcMark
Event: 8.642 Executing VM operation: G1TryInitiateConcMark done
Event: 8.660 Executing VM operation: G1Concurrent
Event: 8.664 Executing VM operation: G1Concurrent done
Event: 8.673 Executing VM operation: G1Concurrent
Event: 8.673 Executing VM operation: G1Concurrent done
Event: 8.822 Executing VM operation: G1CollectForAllocation
Event: 8.825 Executing VM operation: G1CollectForAllocation done
Event: 9.012 Executing VM operation: G1CollectForAllocation

Events (20 events):
Event: 8.365 loading class java/util/PrimitiveIterator$OfInt
Event: 8.365 loading class java/util/PrimitiveIterator
Event: 8.365 loading class java/util/PrimitiveIterator done
Event: 8.365 loading class java/util/PrimitiveIterator$OfInt done
Event: 8.421 Thread 0x000001cba207cc60 Thread added: 0x000001cba207cc60
Event: 8.425 Thread 0x000001cba207c710 Thread added: 0x000001cba207c710
Event: 8.452 loading class java/beans/PropertyChangeSupport
Event: 8.453 loading class java/beans/PropertyChangeSupport done
Event: 8.453 loading class java/beans/PropertyChangeSupport$PropertyChangeListenerMap
Event: 8.453 loading class java/beans/ChangeListenerMap
Event: 8.453 loading class java/beans/ChangeListenerMap done
Event: 8.453 loading class java/beans/PropertyChangeSupport$PropertyChangeListenerMap done
Event: 8.510 Thread 0x000001cba207e6f0 Thread added: 0x000001cba207e6f0
Event: 8.520 Thread 0x000001cba207f190 Thread added: 0x000001cba207f190
Event: 8.698 loading class java/util/regex/Pattern$Bound
Event: 8.698 loading class java/util/regex/Pattern$Bound done
Event: 8.699 loading class java/util/regex/Pattern$LookBehindEndNode
Event: 8.699 loading class java/util/regex/Pattern$LookBehindEndNode done
Event: 8.699 loading class java/util/regex/Pattern$NotBehind
Event: 8.699 loading class java/util/regex/Pattern$NotBehind done


Dynamic libraries:
0x00007ff6df700000 - 0x00007ff6df710000 	C:\Program Files\Java\jdk-17\bin\java.exe
0x00007ffca0d40000 - 0x00007ffca0fa8000 	C:\WINDOWS\SYSTEM32\ntdll.dll
0x00007ffc9f940000 - 0x00007ffc9fa09000 	C:\WINDOWS\System32\KERNEL32.DLL
0x00007ffc9e410000 - 0x00007ffc9e808000 	C:\WINDOWS\System32\KERNELBASE.dll
0x00007ffc9e810000 - 0x00007ffc9e95b000 	C:\WINDOWS\System32\ucrtbase.dll
0x00007ffc47b80000 - 0x00007ffc47b99000 	C:\Program Files\Java\jdk-17\bin\jli.dll
0x00007ffc46bf0000 - 0x00007ffc46c0b000 	C:\Program Files\Java\jdk-17\bin\VCRUNTIME140.dll
0x00007ffc9ef50000 - 0x00007ffc9f004000 	C:\WINDOWS\System32\ADVAPI32.dll
0x00007ffc9ff60000 - 0x00007ffca0009000 	C:\WINDOWS\System32\msvcrt.dll
0x00007ffc9f010000 - 0x00007ffc9f0b6000 	C:\WINDOWS\System32\sechost.dll
0x00007ffc9ee30000 - 0x00007ffc9ef48000 	C:\WINDOWS\System32\RPCRT4.dll
0x00007ffca01f0000 - 0x00007ffca03b7000 	C:\WINDOWS\System32\USER32.dll
0x00007ffc80510000 - 0x00007ffc807a4000 	C:\WINDOWS\WinSxS\amd64_microsoft.windows.common-controls_6595b64144ccf1df_6.0.26100.7019_none_3e06ffa0e335b8a8\COMCTL32.dll
0x00007ffc9e080000 - 0x00007ffc9e0a7000 	C:\WINDOWS\System32\win32u.dll
0x00007ffca0480000 - 0x00007ffca04ab000 	C:\WINDOWS\System32\GDI32.dll
0x00007ffc9de90000 - 0x00007ffc9dfbc000 	C:\WINDOWS\System32\gdi32full.dll
0x00007ffc9e2d0000 - 0x00007ffc9e373000 	C:\WINDOWS\System32\msvcp_win.dll
0x00007ffc87cf0000 - 0x00007ffc87cfb000 	C:\WINDOWS\SYSTEM32\VERSION.dll
0x00007ffc9ff20000 - 0x00007ffc9ff51000 	C:\WINDOWS\System32\IMM32.DLL
0x00007ffc69c20000 - 0x00007ffc69c2c000 	C:\Program Files\Java\jdk-17\bin\vcruntime140_1.dll
0x00007ffc27940000 - 0x00007ffc279ce000 	C:\Program Files\Java\jdk-17\bin\msvcp140.dll
0x00007ffbd8f50000 - 0x00007ffbd9b2f000 	C:\Program Files\Java\jdk-17\bin\server\jvm.dll
0x00007ffc9f260000 - 0x00007ffc9f268000 	C:\WINDOWS\System32\PSAPI.DLL
0x00007ffc87ca0000 - 0x00007ffc87cd5000 	C:\WINDOWS\SYSTEM32\WINMM.dll
0x00007ffc95a10000 - 0x00007ffc95a1a000 	C:\WINDOWS\SYSTEM32\WSOCK32.dll
0x00007ffc9f6f0000 - 0x00007ffc9f764000 	C:\WINDOWS\System32\WS2_32.dll
0x00007ffc9cc50000 - 0x00007ffc9cc6b000 	C:\WINDOWS\SYSTEM32\kernel.appcore.dll
0x00007ffc47dc0000 - 0x00007ffc47dca000 	C:\Program Files\Java\jdk-17\bin\jimage.dll
0x00007ffc9b740000 - 0x00007ffc9b982000 	C:\WINDOWS\SYSTEM32\DBGHELP.DLL
0x00007ffc9f350000 - 0x00007ffc9f6db000 	C:\WINDOWS\System32\combase.dll
0x00007ffc9f270000 - 0x00007ffc9f347000 	C:\WINDOWS\System32\OLEAUT32.dll
0x00007ffc79d60000 - 0x00007ffc79d9c000 	C:\WINDOWS\SYSTEM32\dbgcore.DLL
0x00007ffc9e0b0000 - 0x00007ffc9e155000 	C:\WINDOWS\System32\bcryptPrimitives.dll
0x00007ffc47b70000 - 0x00007ffc47b7e000 	C:\Program Files\Java\jdk-17\bin\instrument.dll
0x00007ffc469c0000 - 0x00007ffc469e5000 	C:\Program Files\Java\jdk-17\bin\java.dll
0x00007ffc27860000 - 0x00007ffc27937000 	C:\Program Files\Java\jdk-17\bin\jsvml.dll
0x00007ffca04b0000 - 0x00007ffca0c01000 	C:\WINDOWS\System32\SHELL32.dll
0x00007ffc9e160000 - 0x00007ffc9e2cb000 	C:\WINDOWS\System32\wintypes.dll
0x00007ffc9bab0000 - 0x00007ffc9c30d000 	C:\WINDOWS\SYSTEM32\windows.storage.dll
0x00007ffc9f790000 - 0x00007ffc9f882000 	C:\WINDOWS\System32\SHCORE.dll
0x00007ffc9fa20000 - 0x00007ffc9fa87000 	C:\WINDOWS\System32\shlwapi.dll
0x00007ffc9ddb0000 - 0x00007ffc9ddd9000 	C:\WINDOWS\SYSTEM32\profapi.dll
0x00007ffc468a0000 - 0x00007ffc468b8000 	C:\Program Files\Java\jdk-17\bin\zip.dll
0x00007ffc46050000 - 0x00007ffc46069000 	C:\Program Files\Java\jdk-17\bin\net.dll
0x00007ffc93fd0000 - 0x00007ffc940f8000 	C:\WINDOWS\SYSTEM32\WINHTTP.dll
0x00007ffc9d1c0000 - 0x00007ffc9d22b000 	C:\WINDOWS\system32\mswsock.dll
0x00007ffc3fec0000 - 0x00007ffc3fed6000 	C:\Program Files\Java\jdk-17\bin\nio.dll
0x00007ffc46cd0000 - 0x00007ffc46ce0000 	C:\Program Files\Java\jdk-17\bin\verify.dll
0x00007ffc72520000 - 0x00007ffc72547000 	C:\Users\okele\.gradle\native\1def1411415f61bf3af743bc5b6707747c0891f09f0c88961ee8f79bc544acac\windows-amd64\native-platform.dll
0x00007ffc21790000 - 0x00007ffc21808000 	C:\Users\okele\.gradle\native\0.2.7\x86_64-windows-gnu\gradle-fileevents.dll
0x00007ffc46040000 - 0x00007ffc4604a000 	C:\Program Files\Java\jdk-17\bin\management.dll
0x00007ffc46000000 - 0x00007ffc4600b000 	C:\Program Files\Java\jdk-17\bin\management_ext.dll
0x00007ffc9c790000 - 0x00007ffc9c7c4000 	C:\WINDOWS\SYSTEM32\IPHLPAPI.DLL
0x00007ffc9f6e0000 - 0x00007ffc9f6ea000 	C:\WINDOWS\System32\NSI.dll
0x00007ffc94130000 - 0x00007ffc9414e000 	C:\WINDOWS\SYSTEM32\dhcpcsvc6.DLL
0x00007ffc94100000 - 0x00007ffc94123000 	C:\WINDOWS\SYSTEM32\dhcpcsvc.DLL
0x00007ffc9c7d0000 - 0x00007ffc9c8fc000 	C:\WINDOWS\SYSTEM32\DNSAPI.dll
0x00007ffc9d480000 - 0x00007ffc9d49b000 	C:\WINDOWS\SYSTEM32\CRYPTSP.dll
0x00007ffc9cbb0000 - 0x00007ffc9cbea000 	C:\WINDOWS\system32\rsaenh.dll
0x00007ffc9d270000 - 0x00007ffc9d29b000 	C:\WINDOWS\SYSTEM32\USERENV.dll
0x00007ffc9dd80000 - 0x00007ffc9ddaa000 	C:\WINDOWS\SYSTEM32\bcrypt.dll
0x00007ffc9d4a0000 - 0x00007ffc9d4ac000 	C:\WINDOWS\SYSTEM32\CRYPTBASE.dll
0x00007ffc40100000 - 0x00007ffc4010e000 	C:\Program Files\Java\jdk-17\bin\sunmscapi.dll
0x00007ffc9e960000 - 0x00007ffc9ead7000 	C:\WINDOWS\System32\CRYPT32.dll
0x00007ffc9d6a0000 - 0x00007ffc9d6d0000 	C:\WINDOWS\SYSTEM32\ncrypt.dll
0x00007ffc9d650000 - 0x00007ffc9d68f000 	C:\WINDOWS\SYSTEM32\NTASN1.dll
0x00007ffc7eff0000 - 0x00007ffc7eff8000 	C:\WINDOWS\system32\wshunix.dll

dbghelp: loaded successfully - version: 4.0.5 - missing functions: none
symbol engine: initialized successfully - sym options: 0x614 - pdb path: .;C:\Program Files\Java\jdk-17\bin;C:\WINDOWS\SYSTEM32;C:\WINDOWS\WinSxS\amd64_microsoft.windows.common-controls_6595b64144ccf1df_6.0.26100.7019_none_3e06ffa0e335b8a8;C:\Program Files\Java\jdk-17\bin\server;C:\Users\okele\.gradle\native\1def1411415f61bf3af743bc5b6707747c0891f09f0c88961ee8f79bc544acac\windows-amd64;C:\Users\okele\.gradle\native\0.2.7\x86_64-windows-gnu

VM Arguments:
jvm_args: --add-opens=java.base/java.lang=ALL-UNNAMED --add-opens=java.base/java.lang.invoke=ALL-UNNAMED --add-opens=java.base/java.util=ALL-UNNAMED --add-opens=java.prefs/java.util.prefs=ALL-UNNAMED --add-exports=jdk.compiler/com.sun.tools.javac.api=ALL-UNNAMED --add-exports=jdk.compiler/com.sun.tools.javac.util=ALL-UNNAMED --add-opens=java.base/java.util=ALL-UNNAMED --add-opens=java.prefs/java.util.prefs=ALL-UNNAMED --add-opens=java.base/java.nio.charset=ALL-UNNAMED --add-opens=java.base/java.net=ALL-UNNAMED --add-opens=java.base/java.util.concurrent.atomic=ALL-UNNAMED --add-opens=java.xml/javax.xml.namespace=ALL-UNNAMED -Xmx2048m -Dfile.encoding=UTF-8 -Duser.country=US -Duser.language=en -Duser.variant -javaagent:C:\Users\okele\.gradle\wrapper\dists\gradle-8.13-bin\5xuhj0ry160q40clulazy9h7d\gradle-8.13\lib\agents\gradle-instrumentation-agent-8.13.jar 
java_command: org.gradle.launcher.daemon.bootstrap.GradleDaemon 8.13
java_class_path (initial): C:\Users\okele\.gradle\wrapper\dists\gradle-8.13-bin\5xuhj0ry160q40clulazy9h7d\gradle-8.13\lib\gradle-daemon-main-8.13.jar
Launcher Type: SUN_STANDARD

[Global flags]
     intx CICompilerCount                          = 12                                        {product} {ergonomic}
     uint ConcGCThreads                            = 3                                         {product} {ergonomic}
     uint G1ConcRefinementThreads                  = 13                                        {product} {ergonomic}
   size_t G1HeapRegionSize                         = 1048576                                   {product} {ergonomic}
    uintx GCDrainStackTargetSize                   = 64                                        {product} {ergonomic}
   size_t InitialHeapSize                          = 264241152                                 {product} {ergonomic}
   size_t MarkStackSize                            = 4194304                                   {product} {ergonomic}
   size_t MaxHeapSize                              = 2147483648                                {product} {command line}
   size_t MaxNewSize                               = 1287651328                                {product} {ergonomic}
   size_t MinHeapDeltaBytes                        = 1048576                                   {product} {ergonomic}
   size_t MinHeapSize                              = 8388608                                   {product} {ergonomic}
    uintx NonNMethodCodeHeapSize                   = 7602480                                {pd product} {ergonomic}
    uintx NonProfiledCodeHeapSize                  = 122027880                              {pd product} {ergonomic}
    uintx ProfiledCodeHeapSize                     = 122027880                              {pd product} {ergonomic}
    uintx ReservedCodeCacheSize                    = 251658240                              {pd product} {ergonomic}
     bool SegmentedCodeCache                       = true                                      {product} {ergonomic}
   size_t SoftMaxHeapSize                          = 2147483648                             {manageable} {ergonomic}
     bool UseCompressedClassPointers               = true                           {product lp64_product} {ergonomic}
     bool UseCompressedOops                        = true                           {product lp64_product} {ergonomic}
     bool UseG1GC                                  = true                                      {product} {ergonomic}
     bool UseLargePagesIndividualAllocation        = false                                  {pd product} {ergonomic}

Logging:
Log output configuration:
 #0: stdout all=warning uptime,level,tags
 #1: stderr all=off uptime,level,tags

Environment Variables:
PATH=C:\VulkanSDK\1.4.313.1\Bin;C:\Python312\Scripts\;C:\Python312\;C:\Program Files (x86)\Common Files\Intel\Shared Libraries\redist\intel64\compiler;C:\Program Files\Common Files\Oracle\Java\javapath;C:\WINDOWS\system32;C:\WINDOWS;C:\WINDOWS\System32\Wbem;C:\WINDOWS\System32\WindowsPowerShell\v1.0\;C:\WINDOWS\System32\OpenSSH\;C:\Program Files\Microsoft SQL Server\150\Tools\Binn\;C:\Program Files\Microsoft SQL Server\Client SDK\ODBC\170\Tools\Binn\;C:\ProgramData\chocolatey\bin;C:\Program Files\Git\cmd;C:\Program Files\nodejs\;C:\zig;C:\WINDOWS\system32;C:\WINDOWS;C:\WINDOWS\System32\Wbem;C:\WINDOWS\System32\WindowsPowerShell\v1.0\;C:\WINDOWS\System32\OpenSSH\;C:\Program Files\dotnet\;C:\Program Files (x86)\Windows Kits\10\Windows Performance Toolkit\;C:\Program Files\CMake\bin;C:\Users\okele\.cargo\bin;C:\Users\okele\AppData\Local\Android\Sdk\tools;C:\Users\okele\AppData\Local\Microsoft\WindowsApps;C:\flutter\bin;C:\Program Files (x86)\Android\openjdk\jdk-17.0.8.101-hotspot\bin;C:\Users\okele\AppData\Local\Android\Sdk\platform-tools;C:\Users\okele\.bun\bin;C:\Users\okele\AppData\Local\Pub\Cache\bin;C:\Users\okele\AppData\Roaming\Python\Python312\Scripts;C:\Users\okele\AppData\Roaming\npm;C:\Users\okele\AppData\Local\Android\android-ndk-r27c;C:\Program Files\Huawei\DevEco Studio\bin;C:\Users\okele\.dotnet\tools;C:\Users\okele\AppData\Local\Programs\FFmpeg\bin;C:\Program Files\JetBrains\RustRover 2025.2\bin;C:\Users\okele\AppData\Local\JetBrains\Toolbox\scripts;C:\Users\okele\AppData\Local\Programs\Microsoft VS Code\bin;C:\Program Files\c3-windows-Release;
USERNAME=okele
OS=Windows_NT
PROCESSOR_IDENTIFIER=Intel64 Family 6 Model 154 Stepping 3, GenuineIntel



---------------  S Y S T E M  ---------------

OS:
 Windows 11 , 64 bit Build 26100 (10.0.26100.7019)
OS uptime: 5 days 12:09 hours
Hyper-V role detected

CPU: total 16 (initial active 16) (8 cores per cpu, 2 threads per core) family 6 model 154 stepping 3 microcode 0x420, cx8, cmov, fxsr, ht, mmx, 3dnowpref, sse, sse2, sse3, ssse3, sse4.1, sse4.2, popcnt, lzcnt, tsc, tscinvbit, avx, avx2, aes, erms, clmul, bmi1, bmi2, adx, sha, fma, vzeroupper, clflush, clflushopt, clwb, hv

Memory: 4k page, system-wide physical 16088M (999M free)
TotalPageFile size 33909M (AvailPageFile size 12M)
current process WorkingSet (physical memory assigned to process): 328M, peak: 328M
current process commit charge ("private bytes"): 376M, peak: 456M

vm_info: Java HotSpot(TM) 64-Bit Server VM (17.0.10+11-LTS-240) for windows-amd64 JRE (17.0.10+11-LTS-240), built on Dec 19 2023 21:47:25 by "mach5one" with MS VC++ 17.1 (VS2022)

END.
