#
# There is insufficient memory for the Java Runtime Environment to continue.
# Native memory allocation (mmap) failed to map 102760448 bytes for G1 virtual space
# Possible reasons:
#   The system is out of physical RAM or swap space
#   The process is running with CompressedOops enabled, and the Java Heap may be blocking the growth of the native heap
# Possible solutions:
#   Reduce memory load on the system
#   Increase physical memory or swap space
#   Check if swap backing store is full
#   Decrease Java heap size (-Xmx/-Xms)
#   Decrease number of Java threads
#   Decrease Java thread stack sizes (-Xss)
#   Set larger code cache with -XX:ReservedCodeCacheSize=
#   JVM is running with Unscaled Compressed Oops mode in which the Java heap is
#     placed in the first 4GB address space. The Java Heap base address is the
#     maximum limit for the native heap growth. Please use -XX:HeapBaseMinAddress
#     to set the Java Heap base and to place the Java Heap above 4GB virtual address.
# This output file may be truncated or incomplete.
#
#  Out of Memory Error (os_windows.cpp:3548), pid=19592, tid=124864
#
# JRE version: Java(TM) SE Runtime Environment (17.0.10+11) (build 17.0.10+11-LTS-240)
# Java VM: Java HotSpot(TM) 64-Bit Server VM (17.0.10+11-LTS-240, mixed mode, sharing, tiered, compressed oops, compressed class ptrs, g1 gc, windows-amd64)
# No core dump will be written. Minidumps are not enabled by default on client versions of Windows
#

---------------  S U M M A R Y ------------

Command Line: --add-opens=java.base/java.lang=ALL-UNNAMED --add-opens=java.base/java.lang.invoke=ALL-UNNAMED --add-opens=java.base/java.util=ALL-UNNAMED --add-opens=java.prefs/java.util.prefs=ALL-UNNAMED --add-exports=jdk.compiler/com.sun.tools.javac.api=ALL-UNNAMED --add-exports=jdk.compiler/com.sun.tools.javac.util=ALL-UNNAMED --add-opens=java.base/java.util=ALL-UNNAMED --add-opens=java.prefs/java.util.prefs=ALL-UNNAMED --add-opens=java.base/java.nio.charset=ALL-UNNAMED --add-opens=java.base/java.net=ALL-UNNAMED --add-opens=java.base/java.util.concurrent.atomic=ALL-UNNAMED --add-opens=java.xml/javax.xml.namespace=ALL-UNNAMED -Xmx2048m -Dfile.encoding=UTF-8 -Duser.country=US -Duser.language=en -Duser.variant -javaagent:C:\Users\okele\.gradle\wrapper\dists\gradle-8.13-bin\5xuhj0ry160q40clulazy9h7d\gradle-8.13\lib\agents\gradle-instrumentation-agent-8.13.jar org.gradle.launcher.daemon.bootstrap.GradleDaemon 8.13

Host: 12th Gen Intel(R) Core(TM) i5-1240P, 16 cores, 15G,  Windows 11 , 64 bit Build 26100 (10.0.26100.7019)
Time: Fri Dec 26 06:20:38 2025 W. Central Africa Standard Time elapsed time: 19.542970 seconds (0d 0h 0m 19s)

---------------  T H R E A D  ---------------

Current thread (0x000001fde6a2a330):  VMThread "VM Thread" [stack: 0x0000003ebe300000,0x0000003ebe400000] [id=124864]

Stack: [0x0000003ebe300000,0x0000003ebe400000]
Native frames: (J=compiled Java code, j=interpreted, Vv=VM code, C=native code)
V  [jvm.dll+0x677a5a]
V  [jvm.dll+0x7d8b2d]
V  [jvm.dll+0x7da48e]
V  [jvm.dll+0x7daaf3]
V  [jvm.dll+0x2455ff]
V  [jvm.dll+0x6749b9]
V  [jvm.dll+0x669382]
V  [jvm.dll+0x302e96]
V  [jvm.dll+0x30a416]
V  [jvm.dll+0x359cbe]
V  [jvm.dll+0x359eef]
V  [jvm.dll+0x2d9e88]
V  [jvm.dll+0x2d8295]
V  [jvm.dll+0x2d789c]
V  [jvm.dll+0x31b18b]
V  [jvm.dll+0x7df30b]
V  [jvm.dll+0x7e0044]
V  [jvm.dll+0x7e055d]
V  [jvm.dll+0x7e0934]
V  [jvm.dll+0x7e0a00]
V  [jvm.dll+0x78888a]
V  [jvm.dll+0x676935]
C  [ucrtbase.dll+0x37b0]
C  [KERNEL32.DLL+0x2e8d7]
C  [ntdll.dll+0x8c53c]

VM_Operation (0x0000003ebffecd10): G1CollectForAllocation, mode: safepoint, requested by thread 0x000001fde6bdc3e0


---------------  P R O C E S S  ---------------

Threads class SMR info:
_java_thread_list=0x000001fdf2a20ea0, length=43, elements={
0x000001fdc5ee75a0, 0x000001fde6a2c110, 0x000001fde6a30080, 0x000001fde6a47450,
0x000001fde6a4ad40, 0x000001fde6a4b610, 0x000001fde6a4bee0, 0x000001fde6a4d300,
0x000001fde6a4dc10, 0x000001fde6a64550, 0x000001fde6b11bd0, 0x000001fde6b50170,
0x000001fde6bdce00, 0x000001fde6bdc8f0, 0x000001fde6bdf170, 0x000001fde6bddd30,
0x000001fde6bdf680, 0x000001fde6bdec60, 0x000001fde6bdd310, 0x000001fde6bdbed0,
0x000001fde6bdc3e0, 0x000001fdecf92820, 0x000001fdecf8ffa0, 0x000001fdecf8f070,
0x000001fdecf92d30, 0x000001fdecf8f580, 0x000001fdecf913e0, 0x000001fdecf92310,
0x000001fdecf8fa90, 0x000001fdecf918f0, 0x000001fdecf93750, 0x000001fdecf93240,
0x000001fdecf909c0, 0x000001fdecf90ed0, 0x000001fdecf955b0, 0x000001fdecf94680,
0x000001fdecf950a0, 0x000001fdecf94170, 0x000001fdecf95ac0, 0x000001fdecf95fd0,
0x000001fdecf969f0, 0x000001fde6bdd820, 0x000001fdf057db40
}

Java Threads: ( => current thread )
  0x000001fdc5ee75a0 JavaThread "main" [_thread_blocked, id=125828, stack(0x0000003ebdd00000,0x0000003ebde00000)]
  0x000001fde6a2c110 JavaThread "Reference Handler" daemon [_thread_blocked, id=123636, stack(0x0000003ebe400000,0x0000003ebe500000)]
  0x000001fde6a30080 JavaThread "Finalizer" daemon [_thread_blocked, id=125312, stack(0x0000003ebe500000,0x0000003ebe600000)]
  0x000001fde6a47450 JavaThread "Signal Dispatcher" daemon [_thread_blocked, id=122348, stack(0x0000003ebe600000,0x0000003ebe700000)]
  0x000001fde6a4ad40 JavaThread "Attach Listener" daemon [_thread_blocked, id=125104, stack(0x0000003ebe700000,0x0000003ebe800000)]
  0x000001fde6a4b610 JavaThread "Service Thread" daemon [_thread_blocked, id=126460, stack(0x0000003ebe800000,0x0000003ebe900000)]
  0x000001fde6a4bee0 JavaThread "Monitor Deflation Thread" daemon [_thread_blocked, id=122092, stack(0x0000003ebe900000,0x0000003ebea00000)]
  0x000001fde6a4d300 JavaThread "C2 CompilerThread0" daemon [_thread_blocked, id=124720, stack(0x0000003ebea00000,0x0000003ebeb00000)]
  0x000001fde6a4dc10 JavaThread "C1 CompilerThread0" daemon [_thread_blocked, id=126632, stack(0x0000003ebeb00000,0x0000003ebec00000)]
  0x000001fde6a64550 JavaThread "Sweeper thread" daemon [_thread_blocked, id=124988, stack(0x0000003ebec00000,0x0000003ebed00000)]
  0x000001fde6b11bd0 JavaThread "C1 CompilerThread1" daemon [_thread_blocked, id=121884, stack(0x0000003ebed00000,0x0000003ebee00000)]
  0x000001fde6b50170 JavaThread "C1 CompilerThread2" daemon [_thread_blocked, id=125292, stack(0x0000003ebee00000,0x0000003ebef00000)]
  0x000001fde6bdce00 JavaThread "Common-Cleaner" daemon [_thread_blocked, id=14992, stack(0x0000003ebef00000,0x0000003ebf000000)]
  0x000001fde6bdc8f0 JavaThread "Notification Thread" daemon [_thread_blocked, id=122412, stack(0x0000003ebf100000,0x0000003ebf200000)]
  0x000001fde6bdf170 JavaThread "Daemon health stats" [_thread_blocked, id=72656, stack(0x0000003ebf300000,0x0000003ebf400000)]
  0x000001fde6bddd30 JavaThread "Incoming local TCP Connector on port 53565" [_thread_in_native, id=117956, stack(0x0000003ebfa00000,0x0000003ebfb00000)]
  0x000001fde6bdf680 JavaThread "Daemon periodic checks" [_thread_blocked, id=24168, stack(0x0000003ebfb00000,0x0000003ebfc00000)]
  0x000001fde6bdec60 JavaThread "Daemon" [_thread_blocked, id=23648, stack(0x0000003ebfc00000,0x0000003ebfd00000)]
  0x000001fde6bdd310 JavaThread "Handler for socket connection from /127.0.0.1:53565 to /127.0.0.1:53566" [_thread_in_native, id=126220, stack(0x0000003ebfd00000,0x0000003ebfe00000)]
  0x000001fde6bdbed0 JavaThread "Cancel handler" [_thread_blocked, id=125728, stack(0x0000003ebfe00000,0x0000003ebff00000)]
  0x000001fde6bdc3e0 JavaThread "Daemon worker" [_thread_blocked, id=123864, stack(0x0000003ebff00000,0x0000003ec0000000)]
  0x000001fdecf92820 JavaThread "Asynchronous log dispatcher for DefaultDaemonConnection: socket connection from /127.0.0.1:53565 to /127.0.0.1:53566" [_thread_blocked, id=125444, stack(0x0000003ec0000000,0x0000003ec0100000)]
  0x000001fdecf8ffa0 JavaThread "Stdin handler" [_thread_blocked, id=120072, stack(0x0000003ec0100000,0x0000003ec0200000)]
  0x000001fdecf8f070 JavaThread "Daemon client event forwarder" [_thread_blocked, id=126968, stack(0x0000003ec0200000,0x0000003ec0300000)]
  0x000001fdecf92d30 JavaThread "Cache worker for journal cache (C:\Users\okele\.gradle\caches\journal-1)" [_thread_blocked, id=28808, stack(0x0000003ec0300000,0x0000003ec0400000)]
  0x000001fdecf8f580 JavaThread "File lock request listener" [_thread_in_native, id=125492, stack(0x0000003ec0400000,0x0000003ec0500000)]
  0x000001fdecf913e0 JavaThread "Cache worker for file hash cache (C:\Users\okele\.gradle\caches\8.13\fileHashes)" [_thread_blocked, id=2704, stack(0x0000003ec0500000,0x0000003ec0600000)]
  0x000001fdecf92310 JavaThread "Cache worker for file hash cache (C:\Users\okele\Desktop\JetpackComposeNavigation3Test\.gradle\8.13\fileHashes)" [_thread_blocked, id=126380, stack(0x0000003ec0700000,0x0000003ec0800000)]
  0x000001fdecf8fa90 JavaThread "Cache worker for Build Output Cleanup Cache (C:\Users\okele\Desktop\JetpackComposeNavigation3Test\.gradle\buildOutputCleanup)" [_thread_blocked, id=125472, stack(0x0000003ec0800000,0x0000003ec0900000)]
  0x000001fdecf918f0 JavaThread "File watcher server" daemon [_thread_in_native, id=122356, stack(0x0000003ec1200000,0x0000003ec1300000)]
  0x000001fdecf93750 JavaThread "File watcher consumer" daemon [_thread_blocked, id=125108, stack(0x0000003ec1300000,0x0000003ec1400000)]
  0x000001fdecf93240 JavaThread "jar transforms" [_thread_blocked, id=126636, stack(0x0000003ec1400000,0x0000003ec1500000)]
  0x000001fdecf909c0 JavaThread "jar transforms Thread 2" [_thread_blocked, id=126200, stack(0x0000003ec1500000,0x0000003ec1600000)]
  0x000001fdecf90ed0 JavaThread "jar transforms Thread 3" [_thread_blocked, id=126176, stack(0x0000003ec1600000,0x0000003ec1700000)]
  0x000001fdecf955b0 JavaThread "jar transforms Thread 4" [_thread_blocked, id=126292, stack(0x0000003ec1800000,0x0000003ec1900000)]
  0x000001fdecf94680 JavaThread "jar transforms Thread 5" [_thread_blocked, id=124716, stack(0x0000003ec1900000,0x0000003ec1a00000)]
  0x000001fdecf950a0 JavaThread "Cache worker for checksums cache (C:\Users\okele\Desktop\JetpackComposeNavigation3Test\.gradle\8.13\checksums)" [_thread_blocked, id=124788, stack(0x0000003ec1700000,0x0000003ec1800000)]
  0x000001fdecf94170 JavaThread "Cache worker for file content cache (C:\Users\okele\.gradle\caches\8.13\fileContent)" [_thread_blocked, id=126164, stack(0x0000003ec0600000,0x0000003ec0700000)]
  0x000001fdecf95ac0 JavaThread "jar transforms Thread 6" [_thread_blocked, id=126756, stack(0x0000003ec1c00000,0x0000003ec1d00000)]
  0x000001fdecf95fd0 JavaThread "jar transforms Thread 7" [_thread_blocked, id=25872, stack(0x0000003ec1d00000,0x0000003ec1e00000)]
  0x000001fdecf969f0 JavaThread "jar transforms Thread 8" [_thread_blocked, id=24900, stack(0x0000003ec1e00000,0x0000003ec1f00000)]
  0x000001fde6bdd820 JavaThread "jar transforms Thread 9" [_thread_blocked, id=124484, stack(0x0000003ec1f00000,0x0000003ec2000000)]
  0x000001fdf057db40 JavaThread "C1 CompilerThread3" daemon [_thread_blocked, id=126476, stack(0x0000003ec2c00000,0x0000003ec2d00000)]

Other Threads:
=>0x000001fde6a2a330 VMThread "VM Thread" [stack: 0x0000003ebe300000,0x0000003ebe400000] [id=124864]
  0x000001fdc5fa7d50 WatcherThread [stack: 0x0000003ebf200000,0x0000003ebf300000] [id=44916]
  0x000001fdc5f44140 GCTaskThread "GC Thread#0" [stack: 0x0000003ebde00000,0x0000003ebdf00000] [id=22196]
  0x000001fdeb467e30 GCTaskThread "GC Thread#1" [stack: 0x0000003ebf400000,0x0000003ebf500000] [id=125536]
  0x000001fde6d82b10 GCTaskThread "GC Thread#2" [stack: 0x0000003ebf500000,0x0000003ebf600000] [id=126624]
  0x000001fde6d82dd0 GCTaskThread "GC Thread#3" [stack: 0x0000003ebf600000,0x0000003ebf700000] [id=126180]
  0x000001fdeb0cf1f0 GCTaskThread "GC Thread#4" [stack: 0x0000003ebf700000,0x0000003ebf800000] [id=125388]
  0x000001fdeb504870 GCTaskThread "GC Thread#5" [stack: 0x0000003ebf800000,0x0000003ebf900000] [id=122056]
  0x000001fdeb9d80d0 GCTaskThread "GC Thread#6" [stack: 0x0000003ec0900000,0x0000003ec0a00000] [id=121176]
  0x000001fdeb9d8390 GCTaskThread "GC Thread#7" [stack: 0x0000003ec0a00000,0x0000003ec0b00000] [id=125964]
  0x000001fdeb9d8bd0 GCTaskThread "GC Thread#8" [stack: 0x0000003ec0b00000,0x0000003ec0c00000] [id=122240]
  0x000001fdeb9d8e90 GCTaskThread "GC Thread#9" [stack: 0x0000003ec0c00000,0x0000003ec0d00000] [id=123516]
  0x000001fdeb9d9990 GCTaskThread "GC Thread#10" [stack: 0x0000003ec0d00000,0x0000003ec0e00000] [id=101560]
  0x000001fdeb9d8650 GCTaskThread "GC Thread#11" [stack: 0x0000003ec0e00000,0x0000003ec0f00000] [id=126060]
  0x000001fdee571e60 GCTaskThread "GC Thread#12" [stack: 0x0000003ec0f00000,0x0000003ec1000000] [id=105324]
  0x000001fdc5f55c70 ConcurrentGCThread "G1 Main Marker" [stack: 0x0000003ebdf00000,0x0000003ebe000000] [id=125716]
  0x000001fdc5f58450 ConcurrentGCThread "G1 Conc#0" [stack: 0x0000003ebe000000,0x0000003ebe100000] [id=122640]
  0x000001fdee572ee0 ConcurrentGCThread "G1 Conc#1" [stack: 0x0000003ec1000000,0x0000003ec1100000] [id=20276]
  0x000001fdee56f7e0 ConcurrentGCThread "G1 Conc#2" [stack: 0x0000003ec1100000,0x0000003ec1200000] [id=13732]
  0x000001fde68e26c0 ConcurrentGCThread "G1 Refine#0" [stack: 0x0000003ebe100000,0x0000003ebe200000] [id=125376]
  0x000001fdefc88160 ConcurrentGCThread "G1 Refine#1" [stack: 0x0000003ec1b00000,0x0000003ec1c00000] [id=123196]
  0x000001fdef83cd20 ConcurrentGCThread "G1 Refine#2" [stack: 0x0000003ec2000000,0x0000003ec2100000] [id=125276]
  0x000001fdef83a400 ConcurrentGCThread "G1 Refine#3" [stack: 0x0000003ec2100000,0x0000003ec2200000] [id=125084]
  0x000001fdef83b890 ConcurrentGCThread "G1 Refine#4" [stack: 0x0000003ec2200000,0x0000003ec2300000] [id=124176]
  0x000001fdef839b30 ConcurrentGCThread "G1 Refine#5" [stack: 0x0000003ec2300000,0x0000003ec2400000] [id=23088]
  0x000001fdef83a9e0 ConcurrentGCThread "G1 Refine#6" [stack: 0x0000003ec2400000,0x0000003ec2500000] [id=120412]
  0x000001fdef83a6f0 ConcurrentGCThread "G1 Refine#7" [stack: 0x0000003ec2500000,0x0000003ec2600000] [id=26972]
  0x000001fdef83b5a0 ConcurrentGCThread "G1 Refine#8" [stack: 0x0000003ec2600000,0x0000003ec2700000] [id=45760]
  0x000001fdef83bb80 ConcurrentGCThread "G1 Refine#9" [stack: 0x0000003ec2700000,0x0000003ec2800000] [id=116028]
  0x000001fdef83c160 ConcurrentGCThread "G1 Refine#10" [stack: 0x0000003ec2800000,0x0000003ec2900000] [id=20272]
  0x000001fdef83acd0 ConcurrentGCThread "G1 Refine#11" [stack: 0x0000003ec2900000,0x0000003ec2a00000] [id=126352]
  0x000001fde68e2da0 ConcurrentGCThread "G1 Service" [stack: 0x0000003ebe200000,0x0000003ebe300000] [id=119104]

Threads with active compile tasks:
C1 CompilerThread2    19567 10102       3       java.lang.Module::canRead (86 bytes)

VM state: at safepoint (normal execution)

VM Mutex/Monitor currently owned by a thread:  ([mutex/lock_event])
[0x000001fdc5ee23a0] Threads_lock - owner thread: 0x000001fde6a2a330
[0x000001fdc5ee1350] Heap_lock - owner thread: 0x000001fde6bdc3e0

Heap address: 0x0000000080000000, size: 2048 MB, Compressed Oops mode: 32-bit

CDS archive(s) mapped at: [0x000001fd80000000-0x000001fd80bd0000-0x000001fd80bd0000), size 12386304, SharedBaseAddress: 0x000001fd80000000, ArchiveRelocationMode: 1.
Compressed class space mapped at: 0x000001fd81000000-0x000001fdc1000000, reserved size: 1073741824
Narrow klass base: 0x000001fd80000000, Narrow klass shift: 0, Narrow klass range: 0x100000000

GC Precious Log:
 CPUs: 16 total, 16 available
 Memory: 16088M
 Large Page Support: Disabled
 NUMA Support: Disabled
 Compressed Oops: Enabled (32-bit)
 Heap Region Size: 1M
 Heap Min Capacity: 8M
 Heap Initial Capacity: 252M
 Heap Max Capacity: 2G
 Pre-touch: Disabled
 Parallel Workers: 13
 Concurrent Workers: 3
 Concurrent Refinement Workers: 13
 Periodic GC: Disabled

Heap:
 garbage-first heap   total 158720K, used 93909K [0x0000000080000000, 0x0000000100000000)
  region size 1024K, 2 young (2048K), 2 survivors (2048K)
 Metaspace       used 100647K, committed 101376K, reserved 1179648K
  class space    used 12878K, committed 13248K, reserved 1048576K

Heap Regions: E=young(eden), S=young(survivor), O=old, HS=humongous(starts), HC=humongous(continues), CS=collection set, F=free, OA=open archive, CA=closed archive, TAMS=top-at-mark-start (previous, next)
|   0|0x0000000080000000, 0x0000000080100000, 0x0000000080100000|100%|HS|  |TAMS 0x0000000080100000, 0x0000000080000000| Complete 
|   1|0x0000000080100000, 0x0000000080200000, 0x0000000080200000|100%|HC|  |TAMS 0x0000000080200000, 0x0000000080100000| Complete 
|   2|0x0000000080200000, 0x0000000080300000, 0x0000000080300000|100%|HC|  |TAMS 0x0000000080300000, 0x0000000080200000| Complete 
|   3|0x0000000080300000, 0x0000000080400000, 0x0000000080400000|100%| O|  |TAMS 0x0000000080400000, 0x0000000080300000| Untracked 
|   4|0x0000000080400000, 0x0000000080500000, 0x0000000080500000|100%| O|  |TAMS 0x0000000080500000, 0x0000000080400000| Untracked 
|   5|0x0000000080500000, 0x0000000080600000, 0x0000000080600000|100%| O|  |TAMS 0x0000000080600000, 0x0000000080500000| Untracked 
|   6|0x0000000080600000, 0x0000000080700000, 0x0000000080700000|100%|HS|  |TAMS 0x0000000080700000, 0x0000000080600000| Complete 
|   7|0x0000000080700000, 0x0000000080800000, 0x0000000080800000|100%| O|  |TAMS 0x0000000080800000, 0x0000000080700000| Untracked 
|   8|0x0000000080800000, 0x0000000080900000, 0x0000000080900000|100%| O|  |TAMS 0x0000000080900000, 0x0000000080800000| Untracked 
|   9|0x0000000080900000, 0x0000000080a00000, 0x0000000080a00000|100%| O|  |TAMS 0x0000000080a00000, 0x0000000080900000| Untracked 
|  10|0x0000000080a00000, 0x0000000080b00000, 0x0000000080b00000|100%| O|  |TAMS 0x0000000080b00000, 0x0000000080a00000| Untracked 
|  11|0x0000000080b00000, 0x0000000080c00000, 0x0000000080c00000|100%| O|  |TAMS 0x0000000080c00000, 0x0000000080b00000| Untracked 
|  12|0x0000000080c00000, 0x0000000080d00000, 0x0000000080d00000|100%| O|  |TAMS 0x0000000080d00000, 0x0000000080c00000| Untracked 
|  13|0x0000000080d00000, 0x0000000080e00000, 0x0000000080e00000|100%| O|  |TAMS 0x0000000080e00000, 0x0000000080d00000| Untracked 
|  14|0x0000000080e00000, 0x0000000080f00000, 0x0000000080f00000|100%| O|  |TAMS 0x0000000080f00000, 0x0000000080e00000| Untracked 
|  15|0x0000000080f00000, 0x0000000081000000, 0x0000000081000000|100%| O|  |TAMS 0x0000000081000000, 0x0000000080f00000| Untracked 
|  16|0x0000000081000000, 0x0000000081100000, 0x0000000081100000|100%| O|  |TAMS 0x0000000081100000, 0x0000000081000000| Untracked 
|  17|0x0000000081100000, 0x0000000081200000, 0x0000000081200000|100%| O|  |TAMS 0x0000000081200000, 0x0000000081100000| Untracked 
|  18|0x0000000081200000, 0x0000000081300000, 0x0000000081300000|100%| O|  |TAMS 0x0000000081300000, 0x0000000081200000| Untracked 
|  19|0x0000000081300000, 0x0000000081400000, 0x0000000081400000|100%| O|  |TAMS 0x0000000081400000, 0x0000000081300000| Untracked 
|  20|0x0000000081400000, 0x0000000081500000, 0x0000000081500000|100%| O|  |TAMS 0x0000000081500000, 0x0000000081400000| Untracked 
|  21|0x0000000081500000, 0x0000000081600000, 0x0000000081600000|100%| O|  |TAMS 0x0000000081600000, 0x0000000081500000| Untracked 
|  22|0x0000000081600000, 0x0000000081700000, 0x0000000081700000|100%| O|  |TAMS 0x0000000081700000, 0x0000000081600000| Untracked 
|  23|0x0000000081700000, 0x0000000081800000, 0x0000000081800000|100%| O|  |TAMS 0x0000000081800000, 0x0000000081700000| Untracked 
|  24|0x0000000081800000, 0x0000000081900000, 0x0000000081900000|100%| O|  |TAMS 0x0000000081900000, 0x0000000081800000| Untracked 
|  25|0x0000000081900000, 0x0000000081a00000, 0x0000000081a00000|100%| O|  |TAMS 0x0000000081a00000, 0x0000000081900000| Untracked 
|  26|0x0000000081a00000, 0x0000000081b00000, 0x0000000081b00000|100%| O|  |TAMS 0x0000000081b00000, 0x0000000081a00000| Untracked 
|  27|0x0000000081b00000, 0x0000000081c00000, 0x0000000081c00000|100%| O|  |TAMS 0x0000000081c00000, 0x0000000081b00000| Untracked 
|  28|0x0000000081c00000, 0x0000000081d00000, 0x0000000081d00000|100%| O|  |TAMS 0x0000000081d00000, 0x0000000081c00000| Untracked 
|  29|0x0000000081d00000, 0x0000000081e00000, 0x0000000081e00000|100%| O|  |TAMS 0x0000000081e00000, 0x0000000081d00000| Untracked 
|  30|0x0000000081e00000, 0x0000000081f00000, 0x0000000081f00000|100%| O|  |TAMS 0x0000000081f00000, 0x0000000081e00000| Untracked 
|  31|0x0000000081f00000, 0x0000000082000000, 0x0000000082000000|100%| O|  |TAMS 0x0000000082000000, 0x0000000081f00000| Untracked 
|  32|0x0000000082000000, 0x0000000082100000, 0x0000000082100000|100%| O|  |TAMS 0x0000000082100000, 0x0000000082000000| Untracked 
|  33|0x0000000082100000, 0x0000000082200000, 0x0000000082200000|100%| O|  |TAMS 0x0000000082200000, 0x0000000082100000| Untracked 
|  34|0x0000000082200000, 0x0000000082300000, 0x0000000082300000|100%| O|  |TAMS 0x0000000082300000, 0x0000000082200000| Untracked 
|  35|0x0000000082300000, 0x0000000082400000, 0x0000000082400000|100%| O|  |TAMS 0x0000000082400000, 0x0000000082300000| Untracked 
|  36|0x0000000082400000, 0x0000000082500000, 0x0000000082500000|100%| O|  |TAMS 0x0000000082500000, 0x0000000082400000| Untracked 
|  37|0x0000000082500000, 0x0000000082600000, 0x0000000082600000|100%| O|  |TAMS 0x0000000082600000, 0x0000000082500000| Untracked 
|  38|0x0000000082600000, 0x0000000082700000, 0x0000000082700000|100%| O|  |TAMS 0x0000000082700000, 0x0000000082600000| Untracked 
|  39|0x0000000082700000, 0x0000000082800000, 0x0000000082800000|100%| O|  |TAMS 0x0000000082800000, 0x0000000082700000| Untracked 
|  40|0x0000000082800000, 0x0000000082900000, 0x0000000082900000|100%| O|  |TAMS 0x0000000082900000, 0x0000000082800000| Untracked 
|  41|0x0000000082900000, 0x0000000082a00000, 0x0000000082a00000|100%| O|  |TAMS 0x0000000082a00000, 0x0000000082900000| Untracked 
|  42|0x0000000082a00000, 0x0000000082b00000, 0x0000000082b00000|100%| O|  |TAMS 0x0000000082b00000, 0x0000000082a00000| Untracked 
|  43|0x0000000082b00000, 0x0000000082c00000, 0x0000000082c00000|100%| O|  |TAMS 0x0000000082c00000, 0x0000000082b00000| Untracked 
|  44|0x0000000082c00000, 0x0000000082d00000, 0x0000000082d00000|100%| O|  |TAMS 0x0000000082d00000, 0x0000000082c00000| Untracked 
|  45|0x0000000082d00000, 0x0000000082e00000, 0x0000000082e00000|100%| O|  |TAMS 0x0000000082e00000, 0x0000000082d00000| Untracked 
|  46|0x0000000082e00000, 0x0000000082f00000, 0x0000000082f00000|100%| O|  |TAMS 0x0000000082f00000, 0x0000000082e00000| Untracked 
|  47|0x0000000082f00000, 0x0000000083000000, 0x0000000083000000|100%| O|  |TAMS 0x0000000083000000, 0x0000000082f00000| Untracked 
|  48|0x0000000083000000, 0x0000000083100000, 0x0000000083100000|100%|HS|  |TAMS 0x0000000083100000, 0x0000000083000000| Complete 
|  49|0x0000000083100000, 0x0000000083200000, 0x0000000083200000|100%|HC|  |TAMS 0x0000000083200000, 0x0000000083100000| Complete 
|  50|0x0000000083200000, 0x0000000083300000, 0x0000000083300000|100%|HC|  |TAMS 0x0000000083300000, 0x0000000083200000| Complete 
|  51|0x0000000083300000, 0x0000000083400000, 0x0000000083400000|100%|HC|  |TAMS 0x0000000083400000, 0x0000000083300000| Complete 
|  52|0x0000000083400000, 0x0000000083500000, 0x0000000083500000|100%|HC|  |TAMS 0x0000000083500000, 0x0000000083400000| Complete 
|  53|0x0000000083500000, 0x0000000083600000, 0x0000000083600000|100%|HC|  |TAMS 0x0000000083600000, 0x0000000083500000| Complete 
|  54|0x0000000083600000, 0x0000000083700000, 0x0000000083700000|100%|HS|  |TAMS 0x0000000083700000, 0x0000000083600000| Complete 
|  55|0x0000000083700000, 0x0000000083800000, 0x0000000083800000|100%| O|  |TAMS 0x0000000083800000, 0x0000000083700000| Untracked 
|  56|0x0000000083800000, 0x0000000083900000, 0x0000000083900000|100%| O|  |TAMS 0x0000000083900000, 0x0000000083800000| Untracked 
|  57|0x0000000083900000, 0x0000000083a00000, 0x0000000083a00000|100%| O|  |TAMS 0x0000000083a00000, 0x0000000083900000| Untracked 
|  58|0x0000000083a00000, 0x0000000083b00000, 0x0000000083b00000|100%| O|  |TAMS 0x0000000083b00000, 0x0000000083a00000| Untracked 
|  59|0x0000000083b00000, 0x0000000083c00000, 0x0000000083c00000|100%| O|  |TAMS 0x0000000083c00000, 0x0000000083b00000| Untracked 
|  60|0x0000000083c00000, 0x0000000083d00000, 0x0000000083d00000|100%| O|  |TAMS 0x0000000083d00000, 0x0000000083c00000| Untracked 
|  61|0x0000000083d00000, 0x0000000083e00000, 0x0000000083e00000|100%| O|  |TAMS 0x0000000083d00000, 0x0000000083d00000| Untracked 
|  62|0x0000000083e00000, 0x0000000083f00000, 0x0000000083f00000|100%| O|  |TAMS 0x0000000083f00000, 0x0000000083e00000| Untracked 
|  63|0x0000000083f00000, 0x0000000084000000, 0x0000000084000000|100%| O|  |TAMS 0x0000000084000000, 0x0000000083f00000| Untracked 
|  64|0x0000000084000000, 0x0000000084100000, 0x0000000084100000|100%| O|  |TAMS 0x0000000084100000, 0x0000000084000000| Untracked 
|  65|0x0000000084100000, 0x0000000084200000, 0x0000000084200000|100%| O|  |TAMS 0x0000000084200000, 0x0000000084100000| Untracked 
|  66|0x0000000084200000, 0x0000000084300000, 0x0000000084300000|100%| O|  |TAMS 0x0000000084200000, 0x0000000084200000| Untracked 
|  67|0x0000000084300000, 0x0000000084400000, 0x0000000084400000|100%| O|  |TAMS 0x0000000084400000, 0x0000000084300000| Untracked 
|  68|0x0000000084400000, 0x0000000084500000, 0x0000000084500000|100%| O|  |TAMS 0x0000000084500000, 0x0000000084400000| Untracked 
|  69|0x0000000084500000, 0x0000000084600000, 0x0000000084600000|100%| O|  |TAMS 0x0000000084600000, 0x0000000084500000| Untracked 
|  70|0x0000000084600000, 0x0000000084700000, 0x0000000084700000|100%| O|  |TAMS 0x0000000084700000, 0x0000000084600000| Untracked 
|  71|0x0000000084700000, 0x0000000084800000, 0x0000000084800000|100%| O|  |TAMS 0x0000000084800000, 0x0000000084700000| Untracked 
|  72|0x0000000084800000, 0x0000000084900000, 0x0000000084900000|100%| O|  |TAMS 0x0000000084900000, 0x0000000084800000| Untracked 
|  73|0x0000000084900000, 0x0000000084a00000, 0x0000000084a00000|100%| O|  |TAMS 0x0000000084a00000, 0x0000000084900000| Untracked 
|  74|0x0000000084a00000, 0x0000000084b00000, 0x0000000084b00000|100%| O|  |TAMS 0x0000000084b00000, 0x0000000084a00000| Untracked 
|  75|0x0000000084b00000, 0x0000000084c00000, 0x0000000084c00000|100%| O|  |TAMS 0x0000000084c00000, 0x0000000084b00000| Untracked 
|  76|0x0000000084c00000, 0x0000000084d00000, 0x0000000084d00000|100%| O|  |TAMS 0x0000000084d00000, 0x0000000084c00000| Untracked 
|  77|0x0000000084d00000, 0x0000000084e00000, 0x0000000084e00000|100%| O|  |TAMS 0x0000000084e00000, 0x0000000084d00000| Untracked 
|  78|0x0000000084e00000, 0x0000000084f00000, 0x0000000084f00000|100%| O|  |TAMS 0x0000000084f00000, 0x0000000084e00000| Untracked 
|  79|0x0000000084f00000, 0x0000000085000000, 0x0000000085000000|100%| O|  |TAMS 0x0000000085000000, 0x0000000084f00000| Untracked 
|  80|0x0000000085000000, 0x0000000085100000, 0x0000000085100000|100%| O|  |TAMS 0x0000000085100000, 0x0000000085000000| Untracked 
|  81|0x0000000085100000, 0x0000000085200000, 0x0000000085200000|100%| O|  |TAMS 0x0000000085200000, 0x0000000085100000| Untracked 
|  82|0x0000000085200000, 0x0000000085300000, 0x0000000085300000|100%| O|  |TAMS 0x0000000085300000, 0x0000000085200000| Untracked 
|  83|0x0000000085300000, 0x0000000085300000, 0x0000000085400000|  0%| F|  |TAMS 0x0000000085300000, 0x0000000085300000| Untracked 
|  84|0x0000000085400000, 0x0000000085400000, 0x0000000085500000|  0%| F|  |TAMS 0x0000000085400000, 0x0000000085400000| Untracked 
|  85|0x0000000085500000, 0x0000000085600000, 0x0000000085600000|100%| O|  |TAMS 0x0000000085600000, 0x0000000085500000| Untracked 
|  86|0x0000000085600000, 0x0000000085700000, 0x0000000085700000|100%| O|  |TAMS 0x0000000085700000, 0x0000000085600000| Untracked 
|  87|0x0000000085700000, 0x0000000085800000, 0x0000000085800000|100%| O|  |TAMS 0x0000000085800000, 0x0000000085700000| Untracked 
|  88|0x0000000085800000, 0x0000000085900000, 0x0000000085900000|100%| O|  |TAMS 0x0000000085900000, 0x0000000085800000| Untracked 
|  89|0x0000000085900000, 0x0000000085a00000, 0x0000000085a00000|100%| O|  |TAMS 0x000000008595d000, 0x0000000085900000| Untracked 
|  90|0x0000000085a00000, 0x0000000085b00000, 0x0000000085b00000|100%| O|  |TAMS 0x0000000085a00000, 0x0000000085a00000| Untracked 
|  91|0x0000000085b00000, 0x0000000085b57800, 0x0000000085c00000| 34%| O|  |TAMS 0x0000000085b00000, 0x0000000085b00000| Untracked 
|  92|0x0000000085c00000, 0x0000000085c00000, 0x0000000085d00000|  0%| F|  |TAMS 0x0000000085c00000, 0x0000000085c00000| Untracked 
|  93|0x0000000085d00000, 0x0000000085d00000, 0x0000000085e00000|  0%| F|  |TAMS 0x0000000085d00000, 0x0000000085d00000| Untracked 
|  94|0x0000000085e00000, 0x0000000085e00000, 0x0000000085f00000|  0%| F|  |TAMS 0x0000000085e00000, 0x0000000085e00000| Untracked 
|  95|0x0000000085f00000, 0x0000000085f00000, 0x0000000086000000|  0%| F|  |TAMS 0x0000000085f00000, 0x0000000085f00000| Untracked 
|  96|0x0000000086000000, 0x0000000086000000, 0x0000000086100000|  0%| F|  |TAMS 0x0000000086000000, 0x0000000086000000| Untracked 
|  97|0x0000000086100000, 0x0000000086100000, 0x0000000086200000|  0%| F|  |TAMS 0x0000000086100000, 0x0000000086100000| Untracked 
|  98|0x0000000086200000, 0x0000000086200000, 0x0000000086300000|  0%| F|  |TAMS 0x0000000086200000, 0x0000000086200000| Untracked 
|  99|0x0000000086300000, 0x0000000086300000, 0x0000000086400000|  0%| F|  |TAMS 0x0000000086300000, 0x0000000086300000| Untracked 
| 100|0x0000000086400000, 0x0000000086400000, 0x0000000086500000|  0%| F|  |TAMS 0x0000000086400000, 0x0000000086400000| Untracked 
| 101|0x0000000086500000, 0x0000000086500000, 0x0000000086600000|  0%| F|  |TAMS 0x0000000086500000, 0x0000000086500000| Untracked 
| 102|0x0000000086600000, 0x0000000086600000, 0x0000000086700000|  0%| F|  |TAMS 0x0000000086600000, 0x0000000086600000| Untracked 
| 103|0x0000000086700000, 0x0000000086700000, 0x0000000086800000|  0%| F|  |TAMS 0x0000000086700000, 0x0000000086700000| Untracked 
| 104|0x0000000086800000, 0x0000000086800000, 0x0000000086900000|  0%| F|  |TAMS 0x0000000086800000, 0x0000000086800000| Untracked 
| 105|0x0000000086900000, 0x0000000086900000, 0x0000000086a00000|  0%| F|  |TAMS 0x0000000086900000, 0x0000000086900000| Untracked 
| 106|0x0000000086a00000, 0x0000000086a00000, 0x0000000086b00000|  0%| F|  |TAMS 0x0000000086a00000, 0x0000000086a00000| Untracked 
| 107|0x0000000086b00000, 0x0000000086b00000, 0x0000000086c00000|  0%| F|  |TAMS 0x0000000086b00000, 0x0000000086b00000| Untracked 
| 108|0x0000000086c00000, 0x0000000086c00000, 0x0000000086d00000|  0%| F|  |TAMS 0x0000000086c00000, 0x0000000086c00000| Untracked 
| 109|0x0000000086d00000, 0x0000000086d00000, 0x0000000086e00000|  0%| F|  |TAMS 0x0000000086d00000, 0x0000000086d00000| Untracked 
| 110|0x0000000086e00000, 0x0000000086e00000, 0x0000000086f00000|  0%| F|  |TAMS 0x0000000086e00000, 0x0000000086e00000| Untracked 
| 111|0x0000000086f00000, 0x0000000086f00000, 0x0000000087000000|  0%| F|  |TAMS 0x0000000086f00000, 0x0000000086f00000| Untracked 
| 112|0x0000000087000000, 0x0000000087000000, 0x0000000087100000|  0%| F|  |TAMS 0x0000000087000000, 0x0000000087000000| Untracked 
| 113|0x0000000087100000, 0x0000000087100000, 0x0000000087200000|  0%| F|  |TAMS 0x0000000087100000, 0x0000000087100000| Untracked 
| 114|0x0000000087200000, 0x000000008725de50, 0x0000000087300000| 36%| S|CS|TAMS 0x0000000087200000, 0x0000000087200000| Complete 
| 115|0x0000000087300000, 0x0000000087400000, 0x0000000087400000|100%| S|CS|TAMS 0x0000000087300000, 0x0000000087300000| Complete 
| 116|0x0000000087400000, 0x0000000087400000, 0x0000000087500000|  0%| F|  |TAMS 0x0000000087400000, 0x0000000087400000| Untracked 
| 117|0x0000000087500000, 0x0000000087500000, 0x0000000087600000|  0%| F|  |TAMS 0x0000000087500000, 0x0000000087500000| Untracked 
| 118|0x0000000087600000, 0x0000000087600000, 0x0000000087700000|  0%| F|  |TAMS 0x0000000087600000, 0x0000000087600000| Untracked 
| 119|0x0000000087700000, 0x0000000087700000, 0x0000000087800000|  0%| F|  |TAMS 0x0000000087700000, 0x0000000087700000| Untracked 
| 120|0x0000000087800000, 0x0000000087800000, 0x0000000087900000|  0%| F|  |TAMS 0x0000000087800000, 0x0000000087800000| Untracked 
| 121|0x0000000087900000, 0x0000000087900000, 0x0000000087a00000|  0%| F|  |TAMS 0x0000000087900000, 0x0000000087900000| Untracked 
| 122|0x0000000087a00000, 0x0000000087a00000, 0x0000000087b00000|  0%| F|  |TAMS 0x0000000087a00000, 0x0000000087a00000| Untracked 
| 123|0x0000000087b00000, 0x0000000087b00000, 0x0000000087c00000|  0%| F|  |TAMS 0x0000000087b00000, 0x0000000087b00000| Untracked 
| 124|0x0000000087c00000, 0x0000000087c00000, 0x0000000087d00000|  0%| F|  |TAMS 0x0000000087c00000, 0x0000000087c00000| Untracked 
| 125|0x0000000087d00000, 0x0000000087d00000, 0x0000000087e00000|  0%| F|  |TAMS 0x0000000087d00000, 0x0000000087d00000| Untracked 
| 126|0x0000000087e00000, 0x0000000087e00000, 0x0000000087f00000|  0%| F|  |TAMS 0x0000000087e00000, 0x0000000087e00000| Untracked 
| 127|0x0000000087f00000, 0x0000000087f00000, 0x0000000088000000|  0%| F|  |TAMS 0x0000000087f00000, 0x0000000087f00000| Untracked 
| 128|0x0000000088000000, 0x0000000088000000, 0x0000000088100000|  0%| F|  |TAMS 0x0000000088000000, 0x0000000088000000| Untracked 
| 129|0x0000000088100000, 0x0000000088100000, 0x0000000088200000|  0%| F|  |TAMS 0x0000000088100000, 0x0000000088100000| Untracked 
| 130|0x0000000088200000, 0x0000000088200000, 0x0000000088300000|  0%| F|  |TAMS 0x0000000088200000, 0x0000000088200000| Untracked 
| 131|0x0000000088300000, 0x0000000088300000, 0x0000000088400000|  0%| F|  |TAMS 0x0000000088300000, 0x0000000088300000| Untracked 
| 132|0x0000000088400000, 0x0000000088400000, 0x0000000088500000|  0%| F|  |TAMS 0x0000000088400000, 0x0000000088400000| Untracked 
| 133|0x0000000088500000, 0x0000000088500000, 0x0000000088600000|  0%| F|  |TAMS 0x0000000088500000, 0x0000000088500000| Untracked 
| 134|0x0000000088600000, 0x0000000088600000, 0x0000000088700000|  0%| F|  |TAMS 0x0000000088600000, 0x0000000088600000| Untracked 
| 135|0x0000000088700000, 0x0000000088700000, 0x0000000088800000|  0%| F|  |TAMS 0x0000000088700000, 0x0000000088700000| Untracked 
| 136|0x0000000088800000, 0x0000000088800000, 0x0000000088900000|  0%| F|  |TAMS 0x0000000088800000, 0x0000000088800000| Untracked 
| 137|0x0000000088900000, 0x0000000088900000, 0x0000000088a00000|  0%| F|  |TAMS 0x0000000088900000, 0x0000000088900000| Untracked 
| 138|0x0000000088a00000, 0x0000000088a00000, 0x0000000088b00000|  0%| F|  |TAMS 0x0000000088a00000, 0x0000000088a00000| Untracked 
| 139|0x0000000088b00000, 0x0000000088b00000, 0x0000000088c00000|  0%| F|  |TAMS 0x0000000088b00000, 0x0000000088b00000| Untracked 
| 140|0x0000000088c00000, 0x0000000088c00000, 0x0000000088d00000|  0%| F|  |TAMS 0x0000000088c00000, 0x0000000088c00000| Untracked 
| 141|0x0000000088d00000, 0x0000000088d00000, 0x0000000088e00000|  0%| F|  |TAMS 0x0000000088d00000, 0x0000000088d00000| Untracked 
| 142|0x0000000088e00000, 0x0000000088e00000, 0x0000000088f00000|  0%| F|  |TAMS 0x0000000088e00000, 0x0000000088e00000| Untracked 
| 143|0x0000000088f00000, 0x0000000088f00000, 0x0000000089000000|  0%| F|  |TAMS 0x0000000088f00000, 0x0000000088f00000| Untracked 
| 144|0x0000000089000000, 0x0000000089000000, 0x0000000089100000|  0%| F|  |TAMS 0x0000000089000000, 0x0000000089000000| Untracked 
| 145|0x0000000089100000, 0x0000000089100000, 0x0000000089200000|  0%| F|  |TAMS 0x0000000089100000, 0x0000000089100000| Untracked 
| 146|0x0000000089200000, 0x0000000089200000, 0x0000000089300000|  0%| F|  |TAMS 0x0000000089200000, 0x0000000089200000| Untracked 
| 147|0x0000000089300000, 0x0000000089300000, 0x0000000089400000|  0%| F|  |TAMS 0x0000000089300000, 0x0000000089300000| Untracked 
| 148|0x0000000089400000, 0x0000000089400000, 0x0000000089500000|  0%| F|  |TAMS 0x0000000089400000, 0x0000000089400000| Untracked 
| 149|0x0000000089500000, 0x0000000089500000, 0x0000000089600000|  0%| F|  |TAMS 0x0000000089500000, 0x0000000089500000| Untracked 
| 150|0x0000000089600000, 0x0000000089600000, 0x0000000089700000|  0%| F|  |TAMS 0x0000000089600000, 0x0000000089600000| Untracked 
| 151|0x0000000089700000, 0x0000000089700000, 0x0000000089800000|  0%| F|  |TAMS 0x0000000089700000, 0x0000000089700000| Untracked 
| 152|0x0000000089800000, 0x0000000089800000, 0x0000000089900000|  0%| F|  |TAMS 0x0000000089800000, 0x0000000089800000| Untracked 
| 251|0x000000008fb00000, 0x000000008fb00000, 0x000000008fc00000|  0%| F|  |TAMS 0x000000008fb00000, 0x000000008fb00000| Untracked 
|2047|0x00000000fff00000, 0x0000000100000000, 0x0000000100000000|100%| O|  |TAMS 0x0000000100000000, 0x00000000fff00000| Untracked 

Card table byte_map: [0x000001fddf180000,0x000001fddf580000] _byte_map_base: 0x000001fdded80000

Marking Bits (Prev, Next): (CMBitMap*) 0x000001fdc5f44670, (CMBitMap*) 0x000001fdc5f446b0
 Prev Bits: [0x000001fddf980000, 0x000001fde1980000)
 Next Bits: [0x000001fde1980000, 0x000001fde3980000)

Polling page: 0x000001fdc5fb0000

Metaspace:

Usage:
  Non-class:     85.71 MB used.
      Class:     12.58 MB used.
       Both:     98.29 MB used.

Virtual space:
  Non-class space:      128.00 MB reserved,      86.06 MB ( 67%) committed,  2 nodes.
      Class space:        1.00 GB reserved,      12.94 MB (  1%) committed,  1 nodes.
             Both:        1.12 GB reserved,      99.00 MB (  9%) committed. 

Chunk freelists:
   Non-Class:  9.47 MB
       Class:  2.97 MB
        Both:  12.44 MB

MaxMetaspaceSize: unlimited
CompressedClassSpaceSize: 1.00 GB
Initial GC threshold: 21.00 MB
Current GC threshold: 148.69 MB
CDS: on
MetaspaceReclaimPolicy: balanced
 - commit_granule_bytes: 65536.
 - commit_granule_words: 8192.
 - virtual_space_node_default_size: 8388608.
 - enlarge_chunks_in_place: 1.
 - new_chunks_are_fully_committed: 0.
 - uncommit_free_chunks: 1.
 - use_allocation_guard: 0.
 - handle_deallocations: 1.


Internal statistics:

num_allocs_failed_limit: 9.
num_arena_births: 852.
num_arena_deaths: 8.
num_vsnodes_births: 3.
num_vsnodes_deaths: 0.
num_space_committed: 1582.
num_space_uncommitted: 0.
num_chunks_returned_to_freelist: 26.
num_chunks_taken_from_freelist: 4468.
num_chunk_merges: 11.
num_chunk_splits: 3417.
num_chunks_enlarged: 2802.
num_inconsistent_stats: 0.

CodeHeap 'non-profiled nmethods': size=119168Kb used=5449Kb max_used=5449Kb free=113718Kb
 bounds [0x000001fdd6960000, 0x000001fdd6ec0000, 0x000001fddddc0000]
CodeHeap 'profiled nmethods': size=119104Kb used=18589Kb max_used=18589Kb free=100514Kb
 bounds [0x000001fdcedc0000, 0x000001fdcfff0000, 0x000001fdd6210000]
CodeHeap 'non-nmethods': size=7488Kb used=4200Kb max_used=4233Kb free=3287Kb
 bounds [0x000001fdd6210000, 0x000001fdd6640000, 0x000001fdd6960000]
 total_blobs=9760 nmethods=8693 adapters=975
 compilation: enabled
              stopped_count=0, restarted_count=0
 full_count=0

Compilation events (20 events):
Event: 19.535 Thread 0x000001fde6a4dc10 10094       3       org.jetbrains.kotlin.ir.expressions.IrInstanceInitializerCall::accept (15 bytes)
Event: 19.535 Thread 0x000001fde6b11bd0 10093       3       org.jetbrains.kotlin.ir.expressions.IrDelegatingConstructorCall::accept (15 bytes)
Event: 19.536 Thread 0x000001fdf057db40 10095       3       org.jetbrains.kotlin.ir.visitors.IrElementVisitorVoid$DefaultImpls::visitValueParameter (14 bytes)
Event: 19.536 Thread 0x000001fde6b11bd0 nmethod 10093 0x000001fdcffdc810 code [0x000001fdcffdca20, 0x000001fdcffdd0c8]
Event: 19.536 Thread 0x000001fde6b11bd0 10096       3       org.jetbrains.kotlin.ir.visitors.IrElementVisitorVoid$DefaultImpls::visitValueParameter (17 bytes)
Event: 19.536 Thread 0x000001fde6a4dc10 nmethod 10094 0x000001fdcffdd390 code [0x000001fdcffdd5a0, 0x000001fdcffddc48]
Event: 19.536 Thread 0x000001fde6a4dc10 10098       3       org.jetbrains.kotlin.ir.expressions.IrBlockBody::acceptChildren (70 bytes)
Event: 19.536 Thread 0x000001fde6b50170 nmethod 10091 0x000001fdcffddf10 code [0x000001fdcffde480, 0x000001fdcffe1418]
Event: 19.536 Thread 0x000001fdf057db40 nmethod 10095 0x000001fdcffe2210 code [0x000001fdcffe2420, 0x000001fdcffe2a88]
Event: 19.536 Thread 0x000001fdf057db40 10097       3       org.jetbrains.kotlin.ir.declarations.IrClass::accept (15 bytes)
Event: 19.536 Thread 0x000001fde6b50170 10099       3       org.jetbrains.kotlin.ir.declarations.IrField::accept (15 bytes)
Event: 19.536 Thread 0x000001fde6b11bd0 nmethod 10096 0x000001fdcffe2d10 code [0x000001fdcffe2f20, 0x000001fdcffe3588]
Event: 19.536 Thread 0x000001fde6b50170 nmethod 10099 0x000001fdcffe3810 code [0x000001fdcffe3a20, 0x000001fdcffe40c8]
Event: 19.536 Thread 0x000001fdf057db40 nmethod 10097 0x000001fdcffe4390 code [0x000001fdcffe45a0, 0x000001fdcffe4c48]
Event: 19.536 Thread 0x000001fde6a4dc10 nmethod 10098 0x000001fdcffe4f10 code [0x000001fdcffe5180, 0x000001fdcffe5d78]
Event: 19.537 Thread 0x000001fde6a4dc10 10100       3       org.jetbrains.kotlin.ir.visitors.IrElementVisitorVoid$DefaultImpls::visitTypeOperator (14 bytes)
Event: 19.537 Thread 0x000001fde6b50170 10101       3       org.jetbrains.kotlin.ir.visitors.IrElementVisitorVoid$DefaultImpls::visitTypeOperator (17 bytes)
Event: 19.537 Thread 0x000001fde6a4dc10 nmethod 10100 0x000001fdcffe6110 code [0x000001fdcffe6320, 0x000001fdcffe6988]
Event: 19.537 Thread 0x000001fde6b50170 nmethod 10101 0x000001fdcffe6c10 code [0x000001fdcffe6e20, 0x000001fdcffe7488]
Event: 19.538 Thread 0x000001fde6b50170 10102       3       java.lang.Module::canRead (86 bytes)

GC Heap History (20 events):
Event: 14.079 GC heap after
{Heap after GC invocations=23 (full 0):
 garbage-first heap   total 147456K, used 78717K [0x0000000080000000, 0x0000000100000000)
  region size 1024K, 4 young (4096K), 4 survivors (4096K)
 Metaspace       used 73571K, committed 74176K, reserved 1114112K
  class space    used 9830K, committed 10112K, reserved 1048576K
}
Event: 14.599 GC heap before
{Heap before GC invocations=23 (full 0):
 garbage-first heap   total 147456K, used 120701K [0x0000000080000000, 0x0000000100000000)
  region size 1024K, 45 young (46080K), 4 survivors (4096K)
 Metaspace       used 78457K, committed 79104K, reserved 1179648K
  class space    used 10413K, committed 10688K, reserved 1048576K
}
Event: 14.602 GC heap after
{Heap after GC invocations=24 (full 0):
 garbage-first heap   total 147456K, used 81416K [0x0000000080000000, 0x0000000100000000)
  region size 1024K, 3 young (3072K), 3 survivors (3072K)
 Metaspace       used 78457K, committed 79104K, reserved 1179648K
  class space    used 10413K, committed 10688K, reserved 1048576K
}
Event: 15.029 GC heap before
{Heap before GC invocations=25 (full 0):
 garbage-first heap   total 147456K, used 121352K [0x0000000080000000, 0x0000000100000000)
  region size 1024K, 42 young (43008K), 3 survivors (3072K)
 Metaspace       used 82554K, committed 83264K, reserved 1179648K
  class space    used 10963K, committed 11328K, reserved 1048576K
}
Event: 15.032 GC heap after
{Heap after GC invocations=26 (full 0):
 garbage-first heap   total 147456K, used 83968K [0x0000000080000000, 0x0000000100000000)
  region size 1024K, 6 young (6144K), 6 survivors (6144K)
 Metaspace       used 82554K, committed 83264K, reserved 1179648K
  class space    used 10963K, committed 11328K, reserved 1048576K
}
Event: 15.033 GC heap before
{Heap before GC invocations=26 (full 0):
 garbage-first heap   total 147456K, used 84992K [0x0000000080000000, 0x0000000100000000)
  region size 1024K, 7 young (7168K), 6 survivors (6144K)
 Metaspace       used 82564K, committed 83264K, reserved 1179648K
  class space    used 10963K, committed 11328K, reserved 1048576K
}
Event: 15.035 GC heap after
{Heap after GC invocations=27 (full 0):
 garbage-first heap   total 147456K, used 84497K [0x0000000080000000, 0x0000000100000000)
  region size 1024K, 1 young (1024K), 1 survivors (1024K)
 Metaspace       used 82564K, committed 83264K, reserved 1179648K
  class space    used 10963K, committed 11328K, reserved 1048576K
}
Event: 16.275 GC heap before
{Heap before GC invocations=27 (full 0):
 garbage-first heap   total 147456K, used 122385K [0x0000000080000000, 0x0000000100000000)
  region size 1024K, 38 young (38912K), 1 survivors (1024K)
 Metaspace       used 84819K, committed 85568K, reserved 1179648K
  class space    used 11212K, committed 11584K, reserved 1048576K
}
Event: 16.283 GC heap after
{Heap after GC invocations=28 (full 0):
 garbage-first heap   total 147456K, used 87997K [0x0000000080000000, 0x0000000100000000)
  region size 1024K, 5 young (5120K), 5 survivors (5120K)
 Metaspace       used 84819K, committed 85568K, reserved 1179648K
  class space    used 11212K, committed 11584K, reserved 1048576K
}
Event: 17.254 GC heap before
{Heap before GC invocations=29 (full 0):
 garbage-first heap   total 152576K, used 122813K [0x0000000080000000, 0x0000000100000000)
  region size 1024K, 39 young (39936K), 5 survivors (5120K)
 Metaspace       used 86314K, committed 86976K, reserved 1179648K
  class space    used 11365K, committed 11712K, reserved 1048576K
}
Event: 17.260 GC heap after
{Heap after GC invocations=30 (full 0):
 garbage-first heap   total 152576K, used 91641K [0x0000000080000000, 0x0000000100000000)
  region size 1024K, 4 young (4096K), 4 survivors (4096K)
 Metaspace       used 86314K, committed 86976K, reserved 1179648K
  class space    used 11365K, committed 11712K, reserved 1048576K
}
Event: 17.383 GC heap before
{Heap before GC invocations=30 (full 0):
 garbage-first heap   total 152576K, used 93689K [0x0000000080000000, 0x0000000100000000)
  region size 1024K, 7 young (7168K), 4 survivors (4096K)
 Metaspace       used 86573K, committed 87296K, reserved 1179648K
  class space    used 11401K, committed 11776K, reserved 1048576K
}
Event: 17.388 GC heap after
{Heap after GC invocations=31 (full 0):
 garbage-first heap   total 152576K, used 91177K [0x0000000080000000, 0x0000000100000000)
  region size 1024K, 1 young (1024K), 1 survivors (1024K)
 Metaspace       used 86573K, committed 87296K, reserved 1179648K
  class space    used 11401K, committed 11776K, reserved 1048576K
}
Event: 18.365 GC heap before
{Heap before GC invocations=31 (full 0):
 garbage-first heap   total 152576K, used 127017K [0x0000000080000000, 0x0000000100000000)
  region size 1024K, 36 young (36864K), 1 survivors (1024K)
 Metaspace       used 90626K, committed 91328K, reserved 1179648K
  class space    used 11855K, committed 12224K, reserved 1048576K
}
Event: 18.368 GC heap after
{Heap after GC invocations=32 (full 0):
 garbage-first heap   total 152576K, used 92771K [0x0000000080000000, 0x0000000100000000)
  region size 1024K, 3 young (3072K), 3 survivors (3072K)
 Metaspace       used 90626K, committed 91328K, reserved 1179648K
  class space    used 11855K, committed 12224K, reserved 1048576K
}
Event: 19.062 GC heap before
{Heap before GC invocations=33 (full 0):
 garbage-first heap   total 158720K, used 125539K [0x0000000080000000, 0x0000000100000000)
  region size 1024K, 36 young (36864K), 3 survivors (3072K)
 Metaspace       used 94551K, committed 95232K, reserved 1179648K
  class space    used 12316K, committed 12672K, reserved 1048576K
}
Event: 19.064 GC heap after
{Heap after GC invocations=34 (full 0):
 garbage-first heap   total 158720K, used 94608K [0x0000000080000000, 0x0000000100000000)
  region size 1024K, 5 young (5120K), 5 survivors (5120K)
 Metaspace       used 94551K, committed 95232K, reserved 1179648K
  class space    used 12316K, committed 12672K, reserved 1048576K
}
Event: 19.083 GC heap before
{Heap before GC invocations=34 (full 0):
 garbage-first heap   total 158720K, used 95632K [0x0000000080000000, 0x0000000100000000)
  region size 1024K, 7 young (7168K), 5 survivors (5120K)
 Metaspace       used 94748K, committed 95424K, reserved 1179648K
  class space    used 12349K, committed 12672K, reserved 1048576K
}
Event: 19.085 GC heap after
{Heap after GC invocations=35 (full 0):
 garbage-first heap   total 158720K, used 93262K [0x0000000080000000, 0x0000000100000000)
  region size 1024K, 1 young (1024K), 1 survivors (1024K)
 Metaspace       used 94748K, committed 95424K, reserved 1179648K
  class space    used 12349K, committed 12672K, reserved 1048576K
}
Event: 19.538 GC heap before
{Heap before GC invocations=35 (full 0):
 garbage-first heap   total 158720K, used 131150K [0x0000000080000000, 0x0000000100000000)
  region size 1024K, 38 young (38912K), 1 survivors (1024K)
 Metaspace       used 100647K, committed 101376K, reserved 1179648K
  class space    used 12878K, committed 13248K, reserved 1048576K
}

Deoptimization events (20 events):
Event: 19.317 Thread 0x000001fde6bdc3e0 Uncommon trap: trap_request=0xffffffd6 fr.pc=0x000001fdd6ba3d08 relative=0x0000000000000368
Event: 19.318 Thread 0x000001fde6bdc3e0 Uncommon trap: reason=array_check action=maybe_recompile pc=0x000001fdd6ba3d08 method=java.util.LinkedHashMap.keysToArray([Ljava/lang/Object;)[Ljava/lang/Object; @ 25 c2
Event: 19.318 Thread 0x000001fde6bdc3e0 DEOPT PACKING pc=0x000001fdd6ba3d08 sp=0x0000003ebfff3560
Event: 19.318 Thread 0x000001fde6bdc3e0 DEOPT UNPACKING pc=0x000001fdd62623a3 sp=0x0000003ebfff3508 mode 2
Event: 19.318 Thread 0x000001fde6bdc3e0 Uncommon trap: trap_request=0xffffff45 fr.pc=0x000001fdd6c0bc3c relative=0x000000000000021c
Event: 19.318 Thread 0x000001fde6bdc3e0 Uncommon trap: reason=unstable_if action=reinterpret pc=0x000001fdd6c0bc3c method=org.jetbrains.kotlin.name.Name.hashCode()I @ 16 c2
Event: 19.318 Thread 0x000001fde6bdc3e0 DEOPT PACKING pc=0x000001fdd6c0bc3c sp=0x0000003ebfff3330
Event: 19.318 Thread 0x000001fde6bdc3e0 DEOPT UNPACKING pc=0x000001fdd62623a3 sp=0x0000003ebfff32c8 mode 2
Event: 19.426 Thread 0x000001fde6bdc3e0 Uncommon trap: trap_request=0xffffffbe fr.pc=0x000001fdd6e622fc relative=0x0000000000000f1c
Event: 19.426 Thread 0x000001fde6bdc3e0 Uncommon trap: reason=profile_predicate action=maybe_recompile pc=0x000001fdd6e622fc method=org.jetbrains.kotlin.serialization.deserialization.descriptors.DeserializedPackageMemberScope.hasClass(Lorg/jetbrains/kotlin/name/Name;)Z @ 65 c2
Event: 19.426 Thread 0x000001fde6bdc3e0 DEOPT PACKING pc=0x000001fdd6e622fc sp=0x0000003ebfff3630
Event: 19.426 Thread 0x000001fde6bdc3e0 DEOPT UNPACKING pc=0x000001fdd62623a3 sp=0x0000003ebfff35f0 mode 2
Event: 19.427 Thread 0x000001fde6bdc3e0 Uncommon trap: trap_request=0xffffffbe fr.pc=0x000001fdd6e622fc relative=0x0000000000000f1c
Event: 19.427 Thread 0x000001fde6bdc3e0 Uncommon trap: reason=profile_predicate action=maybe_recompile pc=0x000001fdd6e622fc method=org.jetbrains.kotlin.serialization.deserialization.descriptors.DeserializedPackageMemberScope.hasClass(Lorg/jetbrains/kotlin/name/Name;)Z @ 65 c2
Event: 19.427 Thread 0x000001fde6bdc3e0 DEOPT PACKING pc=0x000001fdd6e622fc sp=0x0000003ebfff32a0
Event: 19.427 Thread 0x000001fde6bdc3e0 DEOPT UNPACKING pc=0x000001fdd62623a3 sp=0x0000003ebfff3260 mode 2
Event: 19.478 Thread 0x000001fde6bdc3e0 Uncommon trap: trap_request=0xffffffbe fr.pc=0x000001fdd6e622fc relative=0x0000000000000f1c
Event: 19.478 Thread 0x000001fde6bdc3e0 Uncommon trap: reason=profile_predicate action=maybe_recompile pc=0x000001fdd6e622fc method=org.jetbrains.kotlin.serialization.deserialization.descriptors.DeserializedPackageMemberScope.hasClass(Lorg/jetbrains/kotlin/name/Name;)Z @ 65 c2
Event: 19.478 Thread 0x000001fde6bdc3e0 DEOPT PACKING pc=0x000001fdd6e622fc sp=0x0000003ebfff3550
Event: 19.478 Thread 0x000001fde6bdc3e0 DEOPT UNPACKING pc=0x000001fdd62623a3 sp=0x0000003ebfff3510 mode 2

Classes unloaded (15 events):
Event: 11.971 Thread 0x000001fde6a2a330 Unloading class 0x000001fd8161a000 '_BuildScript_'
Event: 11.971 Thread 0x000001fde6a2a330 Unloading class 0x000001fd81612000 '_BuildScript_$_run_closure1$_closure2'
Event: 11.971 Thread 0x000001fde6a2a330 Unloading class 0x000001fd81611400 '_BuildScript_$_run_closure1'
Event: 11.971 Thread 0x000001fde6a2a330 Unloading class 0x000001fd81611800 '_BuildScript_'
Event: 11.971 Thread 0x000001fde6a2a330 Unloading class 0x000001fd8160e000 '_BuildScript_$_run_closure1$_closure2'
Event: 11.971 Thread 0x000001fde6a2a330 Unloading class 0x000001fd8160d918 '_BuildScript_$_run_closure1'
Event: 11.971 Thread 0x000001fde6a2a330 Unloading class 0x000001fd8160d3e8 '_BuildScript_'
Event: 11.971 Thread 0x000001fde6a2a330 Unloading class 0x000001fd8160d000 'ProtobufPatchPlugin$_apply_closure1$_closure2$_closure3$_closure4'
Event: 11.971 Thread 0x000001fde6a2a330 Unloading class 0x000001fd8160ca98 'ProtobufPatchPlugin$_apply_closure1$_closure2$_closure3'
Event: 11.971 Thread 0x000001fde6a2a330 Unloading class 0x000001fd8160c6b0 'ProtobufPatchPlugin$_apply_closure1$_closure2'
Event: 11.971 Thread 0x000001fde6a2a330 Unloading class 0x000001fd8160c2c8 'ProtobufPatchPlugin$_apply_closure1'
Event: 11.971 Thread 0x000001fde6a2a330 Unloading class 0x000001fd8160c000 'ProtobufPatchPlugin'
Event: 11.971 Thread 0x000001fde6a2a330 Unloading class 0x000001fd815383e8 '_BuildScript_$_run_closure1$_closure2'
Event: 11.971 Thread 0x000001fde6a2a330 Unloading class 0x000001fd81538000 '_BuildScript_$_run_closure1'
Event: 11.971 Thread 0x000001fde6a2a330 Unloading class 0x000001fd81534000 '_BuildScript_'

Classes redefined (0 events):
No events

Internal exceptions (20 events):
Event: 15.080 Thread 0x000001fde6bdc3e0 Exception <a 'java/lang/NoSuchMethodError'{0x0000000087e711c8}: 'java.lang.Object java.lang.invoke.Invokers$Holder.linkToTargetMethod(java.lang.Object, java.lang.Object, java.lang.Object, int, java.lang.Object, java.lang.Object)'> (0x0000000087e711c8) 
thrown [s\open\src\hotspot\share\interpreter\linkResolver.cpp, line 759]
Event: 16.996 Thread 0x000001fde6bdc3e0 Exception <a 'java/lang/NoSuchMethodError'{0x00000000878dc338}: 'java.lang.Object java.lang.invoke.DirectMethodHandle$Holder.invokeStatic(java.lang.Object, int, java.lang.Object, java.lang.Object, java.lang.Object, java.lang.Object, java.lang.Object, java.lang.Object)'> (0x00000000878dc338) 
thrown [s\open\src\hotspot\share\interpreter\linkResolver.cpp, line 759]
Event: 16.997 Thread 0x000001fde6bdc3e0 Exception <a 'java/lang/NoSuchMethodError'{0x00000000878e9148}: 'java.lang.Object java.lang.invoke.DirectMethodHandle$Holder.newInvokeSpecial(java.lang.Object, int, java.lang.Object, java.lang.Object, java.lang.Object, java.lang.Object, java.lang.Object)'> (0x00000000878e9148) 
thrown [s\open\src\hotspot\share\interpreter\linkResolver.cpp, line 759]
Event: 16.998 Thread 0x000001fde6bdc3e0 Exception <a 'java/lang/NoSuchMethodError'{0x00000000878ef798}: 'java.lang.Object java.lang.invoke.DirectMethodHandle$Holder.invokeSpecial(java.lang.Object, java.lang.Object, int, java.lang.Object, java.lang.Object, java.lang.Object, java.lang.Object, java.lang.Object)'> (0x00000000878ef798) 
thrown [s\open\src\hotspot\share\interpreter\linkResolver.cpp, line 759]
Event: 17.344 Thread 0x000001fde6bdc3e0 Exception <a 'java/lang/NoSuchMethodError'{0x00000000892ef2a0}: 'java.lang.Object java.lang.invoke.DirectMethodHandle$Holder.invokeStatic(java.lang.Object, int, java.lang.Object)'> (0x00000000892ef2a0) 
thrown [s\open\src\hotspot\share\interpreter\linkResolver.cpp, line 759]
Event: 17.630 Thread 0x000001fde6bdc3e0 Exception <a 'java/lang/NoSuchMethodError'{0x0000000088a6d2c0}: 'java.lang.Object java.lang.invoke.DirectMethodHandle$Holder.newInvokeSpecial(java.lang.Object, java.lang.Object, java.lang.Object, java.lang.Object, java.lang.Object, java.lang.Object, java.lang.Object, int)'> (0x0000000088a6d2c0) 
thrown [s\open\src\hotspot\share\interpreter\linkResolver.cpp, line 759]
Event: 17.631 Thread 0x000001fde6bdc3e0 Exception <a 'java/lang/NoSuchMethodError'{0x0000000088a73db0}: 'java.lang.Object java.lang.invoke.DirectMethodHandle$Holder.invokeSpecial(java.lang.Object, java.lang.Object, java.lang.Object, java.lang.Object, java.lang.Object, java.lang.Object, java.lang.Object, java.lang.Object, int)'> (0x0000000088a73db0) 
thrown [s\open\src\hotspot\share\interpreter\linkResolver.cpp, line 759]
Event: 17.631 Thread 0x000001fde6bdc3e0 Exception <a 'java/lang/NoSuchMethodError'{0x0000000088a7a018}: 'java.lang.Object java.lang.invoke.Invokers$Holder.linkToTargetMethod(java.lang.Object, java.lang.Object, java.lang.Object, java.lang.Object, java.lang.Object, java.lang.Object, int, java.lang.Object)'> (0x0000000088a7a018) 
thrown [s\open\src\hotspot\share\interpreter\linkResolver.cpp, line 759]
Event: 17.652 Thread 0x000001fde6bdc3e0 Implicit null exception at 0x000001fdd6e72b93 to 0x000001fdd6e72ce4
Event: 18.176 Thread 0x000001fde6bdc3e0 Implicit null exception at 0x000001fdd69afdf2 to 0x000001fdd69b03d8
Event: 18.704 Thread 0x000001fde6bdc3e0 Exception <a 'java/lang/NoSuchMethodError'{0x0000000088f5a340}: 'java.lang.Object java.lang.invoke.DirectMethodHandle$Holder.invokeStatic(java.lang.Object, java.lang.Object, int, int, java.lang.Object, java.lang.Object)'> (0x0000000088f5a340) 
thrown [s\open\src\hotspot\share\interpreter\linkResolver.cpp, line 759]
Event: 18.705 Thread 0x000001fde6bdc3e0 Exception <a 'java/lang/NoSuchMethodError'{0x0000000088f6ab28}: 'java.lang.Object java.lang.invoke.Invokers$Holder.linkToTargetMethod(java.lang.Object, int, int, java.lang.Object, java.lang.Object)'> (0x0000000088f6ab28) 
thrown [s\open\src\hotspot\share\interpreter\linkResolver.cpp, line 759]
Event: 18.778 Thread 0x000001fde6bdc3e0 Exception <a 'java/lang/NoSuchMethodError'{0x0000000088c459d0}: 'java.lang.Object java.lang.invoke.DirectMethodHandle$Holder.invokeStatic(java.lang.Object, java.lang.Object, java.lang.Object, int, int, java.lang.Object, java.lang.Object)'> (0x0000000088c459d0) 
thrown [s\open\src\hotspot\share\interpreter\linkResolver.cpp, line 759]
Event: 18.778 Thread 0x000001fde6bdc3e0 Exception <a 'java/lang/NoSuchMethodError'{0x0000000088c4ffd8}: 'java.lang.Object java.lang.invoke.DirectMethodHandle$Holder.newInvokeSpecial(java.lang.Object, java.lang.Object, java.lang.Object, int, int, java.lang.Object)'> (0x0000000088c4ffd8) 
thrown [s\open\src\hotspot\share\interpreter\linkResolver.cpp, line 759]
Event: 18.779 Thread 0x000001fde6bdc3e0 Exception <a 'java/lang/NoSuchMethodError'{0x0000000088c59470}: 'java.lang.Object java.lang.invoke.Invokers$Holder.linkToTargetMethod(java.lang.Object, java.lang.Object, int, int, java.lang.Object, java.lang.Object)'> (0x0000000088c59470) 
thrown [s\open\src\hotspot\share\interpreter\linkResolver.cpp, line 759]
Event: 18.780 Thread 0x000001fde6bdc3e0 Exception <a 'java/lang/NoSuchMethodError'{0x0000000088c66fe0}: 'java.lang.Object java.lang.invoke.DirectMethodHandle$Holder.invokeStatic(java.lang.Object, java.lang.Object, int, int, java.lang.Object)'> (0x0000000088c66fe0) 
thrown [s\open\src\hotspot\share\interpreter\linkResolver.cpp, line 759]
Event: 18.804 Thread 0x000001fde6bdc3e0 Exception <a 'java/lang/NoSuchMethodError'{0x0000000088b94678}: 'java.lang.Object java.lang.invoke.DirectMethodHandle$Holder.newInvokeSpecial(java.lang.Object, java.lang.Object, java.lang.Object, int, int, java.lang.Object, java.lang.Object)'> (0x0000000088b94678) 
thrown [s\open\src\hotspot\share\interpreter\linkResolver.cpp, line 759]
Event: 18.804 Thread 0x000001fde6bdc3e0 Exception <a 'java/lang/NoSuchMethodError'{0x0000000088b9e000}: 'java.lang.Object java.lang.invoke.Invokers$Holder.linkToTargetMethod(java.lang.Object, java.lang.Object, int, int, java.lang.Object, java.lang.Object, java.lang.Object)'> (0x0000000088b9e000) 
thrown [s\open\src\hotspot\share\interpreter\linkResolver.cpp, line 759]
Event: 18.981 Thread 0x000001fde6bdc3e0 Exception <a 'java/lang/NoSuchMethodError'{0x00000000881a8b30}: 'java.lang.Object java.lang.invoke.DirectMethodHandle$Holder.invokeStaticInit(java.lang.Object, int, java.lang.Object, java.lang.Object, java.lang.Object)'> (0x00000000881a8b30) 
thrown [s\open\src\hotspot\share\interpreter\linkResolver.cpp, line 759]
Event: 19.229 Thread 0x000001fde6bdc3e0 Exception <a 'java/lang/NoSuchMethodError'{0x0000000088c10ff8}: 'java.lang.Object java.lang.invoke.DirectMethodHandle$Holder.invokeSpecial(java.lang.Object, java.lang.Object, int, java.lang.Object, int)'> (0x0000000088c10ff8) 
thrown [s\open\src\hotspot\share\interpreter\linkResolver.cpp, line 759]

VM Operations (20 events):
Event: 18.421 Executing VM operation: G1Concurrent done
Event: 18.457 Executing VM operation: G1Concurrent
Event: 18.457 Executing VM operation: G1Concurrent done
Event: 18.857 Executing VM operation: HandshakeAllThreads
Event: 18.857 Executing VM operation: HandshakeAllThreads done
Event: 19.062 Executing VM operation: G1CollectForAllocation
Event: 19.064 Executing VM operation: G1CollectForAllocation done
Event: 19.083 Executing VM operation: G1CollectForAllocation
Event: 19.085 Executing VM operation: G1CollectForAllocation done
Event: 19.191 Executing VM operation: HandshakeAllThreads
Event: 19.192 Executing VM operation: HandshakeAllThreads done
Event: 19.253 Executing VM operation: HandshakeAllThreads
Event: 19.253 Executing VM operation: HandshakeAllThreads done
Event: 19.254 Executing VM operation: HandshakeAllThreads
Event: 19.254 Executing VM operation: HandshakeAllThreads done
Event: 19.467 Executing VM operation: HandshakeAllThreads
Event: 19.467 Executing VM operation: HandshakeAllThreads done
Event: 19.526 Executing VM operation: ICBufferFull
Event: 19.526 Executing VM operation: ICBufferFull done
Event: 19.538 Executing VM operation: G1CollectForAllocation

Events (20 events):
Event: 17.499 Thread 0x000001fdf0580b10 Thread exited: 0x000001fdf0580b10
Event: 17.657 Thread 0x000001fde6a64550 flushing nmethod 0x000001fdd6a2cf90
Event: 17.657 Thread 0x000001fde6a64550 flushing nmethod 0x000001fdd6a2d710
Event: 17.657 Thread 0x000001fde6a64550 flushing nmethod 0x000001fdd6a7a510
Event: 17.657 Thread 0x000001fde6a64550 flushing nmethod 0x000001fdd6ae2a10
Event: 17.657 Thread 0x000001fde6a64550 flushing nmethod 0x000001fdd6af5e90
Event: 17.658 Thread 0x000001fde6a64550 flushing nmethod 0x000001fdd6b90090
Event: 17.658 Thread 0x000001fde6a64550 flushing nmethod 0x000001fdd6ba3290
Event: 17.658 Thread 0x000001fde6a64550 flushing nmethod 0x000001fdd6bb0490
Event: 17.658 Thread 0x000001fde6a64550 flushing nmethod 0x000001fdd6c06610
Event: 17.658 Thread 0x000001fde6a64550 flushing nmethod 0x000001fdd6c0a410
Event: 17.659 Thread 0x000001fde6a64550 flushing nmethod 0x000001fdd6d24e90
Event: 17.659 Thread 0x000001fde6a64550 flushing nmethod 0x000001fdd6d35b90
Event: 17.659 Thread 0x000001fde6a64550 flushing nmethod 0x000001fdd6d42f10
Event: 17.660 Thread 0x000001fde6a64550 flushing nmethod 0x000001fdd6e08610
Event: 17.661 Thread 0x000001fde6a64550 flushing nmethod 0x000001fdcee1ba10
Event: 18.163 Thread 0x000001fdf057f080 Thread added: 0x000001fdf057f080
Event: 18.187 Thread 0x000001fdf0580b10 Thread added: 0x000001fdf0580b10
Event: 18.873 Thread 0x000001fdf0580b10 Thread exited: 0x000001fdf0580b10
Event: 18.874 Thread 0x000001fdf057f080 Thread exited: 0x000001fdf057f080


Dynamic libraries:
0x00007ff6df700000 - 0x00007ff6df710000 	C:\Program Files\Java\jdk-17\bin\java.exe
0x00007ffca0d40000 - 0x00007ffca0fa8000 	C:\WINDOWS\SYSTEM32\ntdll.dll
0x00007ffc9f940000 - 0x00007ffc9fa09000 	C:\WINDOWS\System32\KERNEL32.DLL
0x00007ffc9e410000 - 0x00007ffc9e808000 	C:\WINDOWS\System32\KERNELBASE.dll
0x00007ffc9e810000 - 0x00007ffc9e95b000 	C:\WINDOWS\System32\ucrtbase.dll
0x00007ffc468a0000 - 0x00007ffc468b9000 	C:\Program Files\Java\jdk-17\bin\jli.dll
0x00007ffc9ef50000 - 0x00007ffc9f004000 	C:\WINDOWS\System32\ADVAPI32.dll
0x00007ffc9ff60000 - 0x00007ffca0009000 	C:\WINDOWS\System32\msvcrt.dll
0x00007ffc9f010000 - 0x00007ffc9f0b6000 	C:\WINDOWS\System32\sechost.dll
0x00007ffc9ee30000 - 0x00007ffc9ef48000 	C:\WINDOWS\System32\RPCRT4.dll
0x00007ffc46050000 - 0x00007ffc4606b000 	C:\Program Files\Java\jdk-17\bin\VCRUNTIME140.dll
0x00007ffca01f0000 - 0x00007ffca03b7000 	C:\WINDOWS\System32\USER32.dll
0x00007ffc9e080000 - 0x00007ffc9e0a7000 	C:\WINDOWS\System32\win32u.dll
0x00007ffca0480000 - 0x00007ffca04ab000 	C:\WINDOWS\System32\GDI32.dll
0x00007ffc9de90000 - 0x00007ffc9dfbc000 	C:\WINDOWS\System32\gdi32full.dll
0x00007ffc9e2d0000 - 0x00007ffc9e373000 	C:\WINDOWS\System32\msvcp_win.dll
0x00007ffc80510000 - 0x00007ffc807a4000 	C:\WINDOWS\WinSxS\amd64_microsoft.windows.common-controls_6595b64144ccf1df_6.0.26100.7019_none_3e06ffa0e335b8a8\COMCTL32.dll
0x00007ffc87cf0000 - 0x00007ffc87cfb000 	C:\WINDOWS\SYSTEM32\VERSION.dll
0x00007ffc9ff20000 - 0x00007ffc9ff51000 	C:\WINDOWS\System32\IMM32.DLL
0x00007ffc47dc0000 - 0x00007ffc47dcc000 	C:\Program Files\Java\jdk-17\bin\vcruntime140_1.dll
0x00007ffc1a2b0000 - 0x00007ffc1a33e000 	C:\Program Files\Java\jdk-17\bin\msvcp140.dll
0x00007ffbd8f50000 - 0x00007ffbd9b2f000 	C:\Program Files\Java\jdk-17\bin\server\jvm.dll
0x00007ffc9f260000 - 0x00007ffc9f268000 	C:\WINDOWS\System32\PSAPI.DLL
0x00007ffc87ca0000 - 0x00007ffc87cd5000 	C:\WINDOWS\SYSTEM32\WINMM.dll
0x00007ffc95a10000 - 0x00007ffc95a1a000 	C:\WINDOWS\SYSTEM32\WSOCK32.dll
0x00007ffc9f6f0000 - 0x00007ffc9f764000 	C:\WINDOWS\System32\WS2_32.dll
0x00007ffc9cc50000 - 0x00007ffc9cc6b000 	C:\WINDOWS\SYSTEM32\kernel.appcore.dll
0x00007ffc46cd0000 - 0x00007ffc46cda000 	C:\Program Files\Java\jdk-17\bin\jimage.dll
0x00007ffc9b740000 - 0x00007ffc9b982000 	C:\WINDOWS\SYSTEM32\DBGHELP.DLL
0x00007ffc9f350000 - 0x00007ffc9f6db000 	C:\WINDOWS\System32\combase.dll
0x00007ffc9f270000 - 0x00007ffc9f347000 	C:\WINDOWS\System32\OLEAUT32.dll
0x00007ffc79d60000 - 0x00007ffc79d9c000 	C:\WINDOWS\SYSTEM32\dbgcore.DLL
0x00007ffc9e0b0000 - 0x00007ffc9e155000 	C:\WINDOWS\System32\bcryptPrimitives.dll
0x00007ffc469c0000 - 0x00007ffc469ce000 	C:\Program Files\Java\jdk-17\bin\instrument.dll
0x00007ffc3e2a0000 - 0x00007ffc3e2c5000 	C:\Program Files\Java\jdk-17\bin\java.dll
0x00007ffc0d630000 - 0x00007ffc0d707000 	C:\Program Files\Java\jdk-17\bin\jsvml.dll
0x00007ffca04b0000 - 0x00007ffca0c01000 	C:\WINDOWS\System32\SHELL32.dll
0x00007ffc9e160000 - 0x00007ffc9e2cb000 	C:\WINDOWS\System32\wintypes.dll
0x00007ffc9bab0000 - 0x00007ffc9c30d000 	C:\WINDOWS\SYSTEM32\windows.storage.dll
0x00007ffc9f790000 - 0x00007ffc9f882000 	C:\WINDOWS\System32\SHCORE.dll
0x00007ffc9fa20000 - 0x00007ffc9fa87000 	C:\WINDOWS\System32\shlwapi.dll
0x00007ffc9ddb0000 - 0x00007ffc9ddd9000 	C:\WINDOWS\SYSTEM32\profapi.dll
0x00007ffc3fec0000 - 0x00007ffc3fed8000 	C:\Program Files\Java\jdk-17\bin\zip.dll
0x00007ffc3c9d0000 - 0x00007ffc3c9e9000 	C:\Program Files\Java\jdk-17\bin\net.dll
0x00007ffc93fd0000 - 0x00007ffc940f8000 	C:\WINDOWS\SYSTEM32\WINHTTP.dll
0x00007ffc9d1c0000 - 0x00007ffc9d22b000 	C:\WINDOWS\system32\mswsock.dll
0x00007ffc39bd0000 - 0x00007ffc39be6000 	C:\Program Files\Java\jdk-17\bin\nio.dll
0x00007ffc46040000 - 0x00007ffc46050000 	C:\Program Files\Java\jdk-17\bin\verify.dll
0x00007ffc72520000 - 0x00007ffc72547000 	C:\Users\okele\.gradle\native\1def1411415f61bf3af743bc5b6707747c0891f09f0c88961ee8f79bc544acac\windows-amd64\native-platform.dll
0x00007ffc21790000 - 0x00007ffc21808000 	C:\Users\okele\.gradle\native\0.2.7\x86_64-windows-gnu\gradle-fileevents.dll
0x00007ffc46000000 - 0x00007ffc4600a000 	C:\Program Files\Java\jdk-17\bin\management.dll
0x00007ffc40100000 - 0x00007ffc4010b000 	C:\Program Files\Java\jdk-17\bin\management_ext.dll
0x00007ffc9c790000 - 0x00007ffc9c7c4000 	C:\WINDOWS\SYSTEM32\IPHLPAPI.DLL
0x00007ffc9f6e0000 - 0x00007ffc9f6ea000 	C:\WINDOWS\System32\NSI.dll
0x00007ffc94130000 - 0x00007ffc9414e000 	C:\WINDOWS\SYSTEM32\dhcpcsvc6.DLL
0x00007ffc94100000 - 0x00007ffc94123000 	C:\WINDOWS\SYSTEM32\dhcpcsvc.DLL
0x00007ffc9c7d0000 - 0x00007ffc9c8fc000 	C:\WINDOWS\SYSTEM32\DNSAPI.dll
0x00007ffc9d480000 - 0x00007ffc9d49b000 	C:\WINDOWS\SYSTEM32\CRYPTSP.dll
0x00007ffc9cbb0000 - 0x00007ffc9cbea000 	C:\WINDOWS\system32\rsaenh.dll
0x00007ffc9d270000 - 0x00007ffc9d29b000 	C:\WINDOWS\SYSTEM32\USERENV.dll
0x00007ffc9dd80000 - 0x00007ffc9ddaa000 	C:\WINDOWS\SYSTEM32\bcrypt.dll
0x00007ffc9d4a0000 - 0x00007ffc9d4ac000 	C:\WINDOWS\SYSTEM32\CRYPTBASE.dll
0x00007ffc400b0000 - 0x00007ffc400be000 	C:\Program Files\Java\jdk-17\bin\sunmscapi.dll
0x00007ffc9e960000 - 0x00007ffc9ead7000 	C:\WINDOWS\System32\CRYPT32.dll
0x00007ffc9d6a0000 - 0x00007ffc9d6d0000 	C:\WINDOWS\SYSTEM32\ncrypt.dll
0x00007ffc9d650000 - 0x00007ffc9d68f000 	C:\WINDOWS\SYSTEM32\NTASN1.dll
0x00007ffc7eff0000 - 0x00007ffc7eff8000 	C:\WINDOWS\system32\wshunix.dll

dbghelp: loaded successfully - version: 4.0.5 - missing functions: none
symbol engine: initialized successfully - sym options: 0x614 - pdb path: .;C:\Program Files\Java\jdk-17\bin;C:\WINDOWS\SYSTEM32;C:\WINDOWS\WinSxS\amd64_microsoft.windows.common-controls_6595b64144ccf1df_6.0.26100.7019_none_3e06ffa0e335b8a8;C:\Program Files\Java\jdk-17\bin\server;C:\Users\okele\.gradle\native\1def1411415f61bf3af743bc5b6707747c0891f09f0c88961ee8f79bc544acac\windows-amd64;C:\Users\okele\.gradle\native\0.2.7\x86_64-windows-gnu

VM Arguments:
jvm_args: --add-opens=java.base/java.lang=ALL-UNNAMED --add-opens=java.base/java.lang.invoke=ALL-UNNAMED --add-opens=java.base/java.util=ALL-UNNAMED --add-opens=java.prefs/java.util.prefs=ALL-UNNAMED --add-exports=jdk.compiler/com.sun.tools.javac.api=ALL-UNNAMED --add-exports=jdk.compiler/com.sun.tools.javac.util=ALL-UNNAMED --add-opens=java.base/java.util=ALL-UNNAMED --add-opens=java.prefs/java.util.prefs=ALL-UNNAMED --add-opens=java.base/java.nio.charset=ALL-UNNAMED --add-opens=java.base/java.net=ALL-UNNAMED --add-opens=java.base/java.util.concurrent.atomic=ALL-UNNAMED --add-opens=java.xml/javax.xml.namespace=ALL-UNNAMED -Xmx2048m -Dfile.encoding=UTF-8 -Duser.country=US -Duser.language=en -Duser.variant -javaagent:C:\Users\okele\.gradle\wrapper\dists\gradle-8.13-bin\5xuhj0ry160q40clulazy9h7d\gradle-8.13\lib\agents\gradle-instrumentation-agent-8.13.jar 
java_command: org.gradle.launcher.daemon.bootstrap.GradleDaemon 8.13
java_class_path (initial): C:\Users\okele\.gradle\wrapper\dists\gradle-8.13-bin\5xuhj0ry160q40clulazy9h7d\gradle-8.13\lib\gradle-daemon-main-8.13.jar
Launcher Type: SUN_STANDARD

[Global flags]
     intx CICompilerCount                          = 12                                        {product} {ergonomic}
     uint ConcGCThreads                            = 3                                         {product} {ergonomic}
     uint G1ConcRefinementThreads                  = 13                                        {product} {ergonomic}
   size_t G1HeapRegionSize                         = 1048576                                   {product} {ergonomic}
    uintx GCDrainStackTargetSize                   = 64                                        {product} {ergonomic}
   size_t InitialHeapSize                          = 264241152                                 {product} {ergonomic}
   size_t MarkStackSize                            = 4194304                                   {product} {ergonomic}
   size_t MaxHeapSize                              = 2147483648                                {product} {command line}
   size_t MaxNewSize                               = 1287651328                                {product} {ergonomic}
   size_t MinHeapDeltaBytes                        = 1048576                                   {product} {ergonomic}
   size_t MinHeapSize                              = 8388608                                   {product} {ergonomic}
    uintx NonNMethodCodeHeapSize                   = 7602480                                {pd product} {ergonomic}
    uintx NonProfiledCodeHeapSize                  = 122027880                              {pd product} {ergonomic}
    uintx ProfiledCodeHeapSize                     = 122027880                              {pd product} {ergonomic}
    uintx ReservedCodeCacheSize                    = 251658240                              {pd product} {ergonomic}
     bool SegmentedCodeCache                       = true                                      {product} {ergonomic}
   size_t SoftMaxHeapSize                          = 2147483648                             {manageable} {ergonomic}
     bool UseCompressedClassPointers               = true                           {product lp64_product} {ergonomic}
     bool UseCompressedOops                        = true                           {product lp64_product} {ergonomic}
     bool UseG1GC                                  = true                                      {product} {ergonomic}
     bool UseLargePagesIndividualAllocation        = false                                  {pd product} {ergonomic}

Logging:
Log output configuration:
 #0: stdout all=warning uptime,level,tags
 #1: stderr all=off uptime,level,tags

Environment Variables:
PATH=C:\VulkanSDK\1.4.313.1\Bin;C:\Python312\Scripts\;C:\Python312\;C:\Program Files (x86)\Common Files\Intel\Shared Libraries\redist\intel64\compiler;C:\Program Files\Common Files\Oracle\Java\javapath;C:\WINDOWS\system32;C:\WINDOWS;C:\WINDOWS\System32\Wbem;C:\WINDOWS\System32\WindowsPowerShell\v1.0\;C:\WINDOWS\System32\OpenSSH\;C:\Program Files\Microsoft SQL Server\150\Tools\Binn\;C:\Program Files\Microsoft SQL Server\Client SDK\ODBC\170\Tools\Binn\;C:\ProgramData\chocolatey\bin;C:\Program Files\Git\cmd;C:\Program Files\nodejs\;C:\zig;C:\WINDOWS\system32;C:\WINDOWS;C:\WINDOWS\System32\Wbem;C:\WINDOWS\System32\WindowsPowerShell\v1.0\;C:\WINDOWS\System32\OpenSSH\;C:\Program Files\dotnet\;C:\Program Files (x86)\Windows Kits\10\Windows Performance Toolkit\;C:\Program Files\CMake\bin;C:\Users\okele\.cargo\bin;C:\Users\okele\AppData\Local\Android\Sdk\tools;C:\Users\okele\AppData\Local\Microsoft\WindowsApps;C:\flutter\bin;C:\Program Files (x86)\Android\openjdk\jdk-17.0.8.101-hotspot\bin;C:\Users\okele\AppData\Local\Android\Sdk\platform-tools;C:\Users\okele\.bun\bin;C:\Users\okele\AppData\Local\Pub\Cache\bin;C:\Users\okele\AppData\Roaming\Python\Python312\Scripts;C:\Users\okele\AppData\Roaming\npm;C:\Users\okele\AppData\Local\Android\android-ndk-r27c;C:\Program Files\Huawei\DevEco Studio\bin;C:\Users\okele\.dotnet\tools;C:\Users\okele\AppData\Local\Programs\FFmpeg\bin;C:\Program Files\JetBrains\RustRover 2025.2\bin;C:\Users\okele\AppData\Local\JetBrains\Toolbox\scripts;C:\Users\okele\AppData\Local\Programs\Microsoft VS Code\bin;C:\Program Files\c3-windows-Release;
USERNAME=okele
OS=Windows_NT
PROCESSOR_IDENTIFIER=Intel64 Family 6 Model 154 Stepping 3, GenuineIntel



---------------  S Y S T E M  ---------------

OS:
 Windows 11 , 64 bit Build 26100 (10.0.26100.7019)
OS uptime: 5 days 12:09 hours
Hyper-V role detected

CPU: total 16 (initial active 16) (8 cores per cpu, 2 threads per core) family 6 model 154 stepping 3 microcode 0x420, cx8, cmov, fxsr, ht, mmx, 3dnowpref, sse, sse2, sse3, ssse3, sse4.1, sse4.2, popcnt, lzcnt, tsc, tscinvbit, avx, avx2, aes, erms, clmul, bmi1, bmi2, adx, sha, fma, vzeroupper, clflush, clflushopt, clwb, hv

Memory: 4k page, system-wide physical 16088M (1377M free)
TotalPageFile size 33909M (AvailPageFile size 45M)
current process WorkingSet (physical memory assigned to process): 433M, peak: 433M
current process commit charge ("private bytes"): 481M, peak: 579M

vm_info: Java HotSpot(TM) 64-Bit Server VM (17.0.10+11-LTS-240) for windows-amd64 JRE (17.0.10+11-LTS-240), built on Dec 19 2023 21:47:25 by "mach5one" with MS VC++ 17.1 (VS2022)

END.
